have_builtin_func: checking for __builtin_clz()... -------------------- yes

PATH=".;C:/Ruby32/lib;C:\Ruby32\bin;C:\Ruby32\msys32\mingw32\bin;C:\Ruby32\msys32\usr\bin;C:\Python310\Scripts\;C:\Python310\;C:\Program Files\Common Files\Oracle\Java\javapath;C:\WINDOWS\system32;C:\WINDOWS;C:\WINDOWS\System32\Wbem;C:\WINDOWS\System32\WindowsPowerShell\v1.0\;C:\WINDOWS\System32\OpenSSH\;C:\Program Files\Java\jdk-17.0.1\bin\;C:\Program Files\dotnet\;C:\ProgramData\chocolatey\bin;D:\Frontend\React\nodejs\;C:\Program Files\MongoDB\Server\6.0\bin;C:\mongosh-1.8.0-win32-x64\mongosh-1.8.0-win32-x64\bin;C:\Program Files\PuTTY\;C:\Program Files\Git\cmd;C:\Program Files\Docker\Docker\resources\bin;C:\Program Files\MySQL\MySQL Server 5.7\bin;C:\Ruby32\bin;C:\Ruby32-x64\bin;C:\Ruby34-x64\bin;C:\Python310\Scripts\;C:\Python310\;C:\Program Files\Common Files\Oracle\Java\javapath;C:\WINDOWS\system32;C:\WINDOWS;C:\WINDOWS\System32\Wbem;C:\WINDOWS\System32\WindowsPowerShell\v1.0\;C:\WINDOWS\System32\OpenSSH\;C:\Program Files\Java\jdk-17.0.1\bin\;C:\Program Files\dotnet\;C:\ProgramData\chocolatey\bin;D:\Frontend\React\nodejs\;C:\Program Files\MongoDB\Server\6.0\bin;C:\mongosh-1.8.0-win32-x64\mongosh-1.8.0-win32-x64\bin;C:\Program Files\Docker\Docker\resources\bin;C:\Program Files\PuTTY\;C:\Program Files\Git\cmd;C:\Users\bihan\OneDrive\Documents\Anaconda;C:\Users\bihan\OneDrive\Documents\Anaconda\Library\mingw-w64\bin;C:\Users\bihan\OneDrive\Documents\Anaconda\Library\usr\bin;C:\Users\bihan\OneDrive\Documents\Anaconda\Library\bin;C:\Users\bihan\OneDrive\Documents\A;C:\Program Files\MongoDB\Server\8.0\bin;C:\Users\bihan\AppData\Local\Programs\Microsoft VS Code\bin;C:\Users\bihan\AppData\Local\Microsoft\WindowsApps;C:\Program Files\JetBrains\RubyMine 2024.3.4\bin;" "gcc -o conftest.exe -IC:/Ruby32/include/ruby-3.2.0/i386-mingw32 -IC:/Ruby32/include/ruby-3.2.0/ruby/backward -IC:/Ruby32/include/ruby-3.2.0 -I.  -DFD_SETSIZE=2048 -D_WIN32_WINNT=0x0600 -D__MINGW_USE_VC2005_COMPAT -D_FILE_OFFSET_BITS=64  -O3 -fno-fast-math -fstack-protector-strong conftest.c  -L. -LC:/Ruby32/lib -L. -pipe -s -fstack-protector-strong -Wl,--no-as-needed     -lmsvcrt-ruby320  -lshell32 -lws2_32 -liphlpapi -limagehlp -lshlwapi -lbcrypt  "
checked program was:
/* begin */
1: #include "ruby.h"
2: 
3: #include <winsock2.h>
4: #include <windows.h>
5: int main(int argc, char **argv)
6: {
7:   return !!argv[argc];
8: }
/* end */

PATH=".;C:/Ruby32/lib;C:\Ruby32\bin;C:\Ruby32\msys32\mingw32\bin;C:\Ruby32\msys32\usr\bin;C:\Python310\Scripts\;C:\Python310\;C:\Program Files\Common Files\Oracle\Java\javapath;C:\WINDOWS\system32;C:\WINDOWS;C:\WINDOWS\System32\Wbem;C:\WINDOWS\System32\WindowsPowerShell\v1.0\;C:\WINDOWS\System32\OpenSSH\;C:\Program Files\Java\jdk-17.0.1\bin\;C:\Program Files\dotnet\;C:\ProgramData\chocolatey\bin;D:\Frontend\React\nodejs\;C:\Program Files\MongoDB\Server\6.0\bin;C:\mongosh-1.8.0-win32-x64\mongosh-1.8.0-win32-x64\bin;C:\Program Files\PuTTY\;C:\Program Files\Git\cmd;C:\Program Files\Docker\Docker\resources\bin;C:\Program Files\MySQL\MySQL Server 5.7\bin;C:\Ruby32\bin;C:\Ruby32-x64\bin;C:\Ruby34-x64\bin;C:\Python310\Scripts\;C:\Python310\;C:\Program Files\Common Files\Oracle\Java\javapath;C:\WINDOWS\system32;C:\WINDOWS;C:\WINDOWS\System32\Wbem;C:\WINDOWS\System32\WindowsPowerShell\v1.0\;C:\WINDOWS\System32\OpenSSH\;C:\Program Files\Java\jdk-17.0.1\bin\;C:\Program Files\dotnet\;C:\ProgramData\chocolatey\bin;D:\Frontend\React\nodejs\;C:\Program Files\MongoDB\Server\6.0\bin;C:\mongosh-1.8.0-win32-x64\mongosh-1.8.0-win32-x64\bin;C:\Program Files\Docker\Docker\resources\bin;C:\Program Files\PuTTY\;C:\Program Files\Git\cmd;C:\Users\bihan\OneDrive\Documents\Anaconda;C:\Users\bihan\OneDrive\Documents\Anaconda\Library\mingw-w64\bin;C:\Users\bihan\OneDrive\Documents\Anaconda\Library\usr\bin;C:\Users\bihan\OneDrive\Documents\Anaconda\Library\bin;C:\Users\bihan\OneDrive\Documents\A;C:\Program Files\MongoDB\Server\8.0\bin;C:\Users\bihan\AppData\Local\Programs\Microsoft VS Code\bin;C:\Users\bihan\AppData\Local\Microsoft\WindowsApps;C:\Program Files\JetBrains\RubyMine 2024.3.4\bin;" "gcc -IC:/Ruby32/include/ruby-3.2.0/i386-mingw32 -IC:/Ruby32/include/ruby-3.2.0/ruby/backward -IC:/Ruby32/include/ruby-3.2.0 -I.  -DFD_SETSIZE=2048 -D_WIN32_WINNT=0x0600 -D__MINGW_USE_VC2005_COMPAT -D_FILE_OFFSET_BITS=64  -O3 -fno-fast-math -fstack-protector-strong   -c conftest.c"
checked program was:
/* begin */
1: #include "ruby.h"
2: 
3: #include <winsock2.h>
4: #include <windows.h>
5: int foo;
6: int main() { __builtin_clz(0); return 0; }
/* end */

--------------------

have_builtin_func: checking for __builtin_clzl()... -------------------- yes

PATH=".;C:/Ruby32/lib;C:\Ruby32\bin;C:\Ruby32\msys32\mingw32\bin;C:\Ruby32\msys32\usr\bin;C:\Python310\Scripts\;C:\Python310\;C:\Program Files\Common Files\Oracle\Java\javapath;C:\WINDOWS\system32;C:\WINDOWS;C:\WINDOWS\System32\Wbem;C:\WINDOWS\System32\WindowsPowerShell\v1.0\;C:\WINDOWS\System32\OpenSSH\;C:\Program Files\Java\jdk-17.0.1\bin\;C:\Program Files\dotnet\;C:\ProgramData\chocolatey\bin;D:\Frontend\React\nodejs\;C:\Program Files\MongoDB\Server\6.0\bin;C:\mongosh-1.8.0-win32-x64\mongosh-1.8.0-win32-x64\bin;C:\Program Files\PuTTY\;C:\Program Files\Git\cmd;C:\Program Files\Docker\Docker\resources\bin;C:\Program Files\MySQL\MySQL Server 5.7\bin;C:\Ruby32\bin;C:\Ruby32-x64\bin;C:\Ruby34-x64\bin;C:\Python310\Scripts\;C:\Python310\;C:\Program Files\Common Files\Oracle\Java\javapath;C:\WINDOWS\system32;C:\WINDOWS;C:\WINDOWS\System32\Wbem;C:\WINDOWS\System32\WindowsPowerShell\v1.0\;C:\WINDOWS\System32\OpenSSH\;C:\Program Files\Java\jdk-17.0.1\bin\;C:\Program Files\dotnet\;C:\ProgramData\chocolatey\bin;D:\Frontend\React\nodejs\;C:\Program Files\MongoDB\Server\6.0\bin;C:\mongosh-1.8.0-win32-x64\mongosh-1.8.0-win32-x64\bin;C:\Program Files\Docker\Docker\resources\bin;C:\Program Files\PuTTY\;C:\Program Files\Git\cmd;C:\Users\bihan\OneDrive\Documents\Anaconda;C:\Users\bihan\OneDrive\Documents\Anaconda\Library\mingw-w64\bin;C:\Users\bihan\OneDrive\Documents\Anaconda\Library\usr\bin;C:\Users\bihan\OneDrive\Documents\Anaconda\Library\bin;C:\Users\bihan\OneDrive\Documents\A;C:\Program Files\MongoDB\Server\8.0\bin;C:\Users\bihan\AppData\Local\Programs\Microsoft VS Code\bin;C:\Users\bihan\AppData\Local\Microsoft\WindowsApps;C:\Program Files\JetBrains\RubyMine 2024.3.4\bin;" "gcc -IC:/Ruby32/include/ruby-3.2.0/i386-mingw32 -IC:/Ruby32/include/ruby-3.2.0/ruby/backward -IC:/Ruby32/include/ruby-3.2.0 -I.  -DFD_SETSIZE=2048 -D_WIN32_WINNT=0x0600 -D__MINGW_USE_VC2005_COMPAT -D_FILE_OFFSET_BITS=64  -O3 -fno-fast-math -fstack-protector-strong   -c conftest.c"
checked program was:
/* begin */
1: #include "ruby.h"
2: 
3: #include <winsock2.h>
4: #include <windows.h>
5: int foo;
6: int main() { __builtin_clzl(0); return 0; }
/* end */

--------------------

have_builtin_func: checking for __builtin_clzll()... -------------------- yes

PATH=".;C:/Ruby32/lib;C:\Ruby32\bin;C:\Ruby32\msys32\mingw32\bin;C:\Ruby32\msys32\usr\bin;C:\Python310\Scripts\;C:\Python310\;C:\Program Files\Common Files\Oracle\Java\javapath;C:\WINDOWS\system32;C:\WINDOWS;C:\WINDOWS\System32\Wbem;C:\WINDOWS\System32\WindowsPowerShell\v1.0\;C:\WINDOWS\System32\OpenSSH\;C:\Program Files\Java\jdk-17.0.1\bin\;C:\Program Files\dotnet\;C:\ProgramData\chocolatey\bin;D:\Frontend\React\nodejs\;C:\Program Files\MongoDB\Server\6.0\bin;C:\mongosh-1.8.0-win32-x64\mongosh-1.8.0-win32-x64\bin;C:\Program Files\PuTTY\;C:\Program Files\Git\cmd;C:\Program Files\Docker\Docker\resources\bin;C:\Program Files\MySQL\MySQL Server 5.7\bin;C:\Ruby32\bin;C:\Ruby32-x64\bin;C:\Ruby34-x64\bin;C:\Python310\Scripts\;C:\Python310\;C:\Program Files\Common Files\Oracle\Java\javapath;C:\WINDOWS\system32;C:\WINDOWS;C:\WINDOWS\System32\Wbem;C:\WINDOWS\System32\WindowsPowerShell\v1.0\;C:\WINDOWS\System32\OpenSSH\;C:\Program Files\Java\jdk-17.0.1\bin\;C:\Program Files\dotnet\;C:\ProgramData\chocolatey\bin;D:\Frontend\React\nodejs\;C:\Program Files\MongoDB\Server\6.0\bin;C:\mongosh-1.8.0-win32-x64\mongosh-1.8.0-win32-x64\bin;C:\Program Files\Docker\Docker\resources\bin;C:\Program Files\PuTTY\;C:\Program Files\Git\cmd;C:\Users\bihan\OneDrive\Documents\Anaconda;C:\Users\bihan\OneDrive\Documents\Anaconda\Library\mingw-w64\bin;C:\Users\bihan\OneDrive\Documents\Anaconda\Library\usr\bin;C:\Users\bihan\OneDrive\Documents\Anaconda\Library\bin;C:\Users\bihan\OneDrive\Documents\A;C:\Program Files\MongoDB\Server\8.0\bin;C:\Users\bihan\AppData\Local\Programs\Microsoft VS Code\bin;C:\Users\bihan\AppData\Local\Microsoft\WindowsApps;C:\Program Files\JetBrains\RubyMine 2024.3.4\bin;" "gcc -IC:/Ruby32/include/ruby-3.2.0/i386-mingw32 -IC:/Ruby32/include/ruby-3.2.0/ruby/backward -IC:/Ruby32/include/ruby-3.2.0 -I.  -DFD_SETSIZE=2048 -D_WIN32_WINNT=0x0600 -D__MINGW_USE_VC2005_COMPAT -D_FILE_OFFSET_BITS=64  -O3 -fno-fast-math -fstack-protector-strong   -c conftest.c"
checked program was:
/* begin */
1: #include "ruby.h"
2: 
3: #include <winsock2.h>
4: #include <windows.h>
5: int foo;
6: int main() { __builtin_clzll(0); return 0; }
/* end */

--------------------

have_header: checking for float.h... -------------------- yes

PATH=".;C:/Ruby32/lib;C:\Ruby32\bin;C:\Ruby32\msys32\mingw32\bin;C:\Ruby32\msys32\usr\bin;C:\Python310\Scripts\;C:\Python310\;C:\Program Files\Common Files\Oracle\Java\javapath;C:\WINDOWS\system32;C:\WINDOWS;C:\WINDOWS\System32\Wbem;C:\WINDOWS\System32\WindowsPowerShell\v1.0\;C:\WINDOWS\System32\OpenSSH\;C:\Program Files\Java\jdk-17.0.1\bin\;C:\Program Files\dotnet\;C:\ProgramData\chocolatey\bin;D:\Frontend\React\nodejs\;C:\Program Files\MongoDB\Server\6.0\bin;C:\mongosh-1.8.0-win32-x64\mongosh-1.8.0-win32-x64\bin;C:\Program Files\PuTTY\;C:\Program Files\Git\cmd;C:\Program Files\Docker\Docker\resources\bin;C:\Program Files\MySQL\MySQL Server 5.7\bin;C:\Ruby32\bin;C:\Ruby32-x64\bin;C:\Ruby34-x64\bin;C:\Python310\Scripts\;C:\Python310\;C:\Program Files\Common Files\Oracle\Java\javapath;C:\WINDOWS\system32;C:\WINDOWS;C:\WINDOWS\System32\Wbem;C:\WINDOWS\System32\WindowsPowerShell\v1.0\;C:\WINDOWS\System32\OpenSSH\;C:\Program Files\Java\jdk-17.0.1\bin\;C:\Program Files\dotnet\;C:\ProgramData\chocolatey\bin;D:\Frontend\React\nodejs\;C:\Program Files\MongoDB\Server\6.0\bin;C:\mongosh-1.8.0-win32-x64\mongosh-1.8.0-win32-x64\bin;C:\Program Files\Docker\Docker\resources\bin;C:\Program Files\PuTTY\;C:\Program Files\Git\cmd;C:\Users\bihan\OneDrive\Documents\Anaconda;C:\Users\bihan\OneDrive\Documents\Anaconda\Library\mingw-w64\bin;C:\Users\bihan\OneDrive\Documents\Anaconda\Library\usr\bin;C:\Users\bihan\OneDrive\Documents\Anaconda\Library\bin;C:\Users\bihan\OneDrive\Documents\A;C:\Program Files\MongoDB\Server\8.0\bin;C:\Users\bihan\AppData\Local\Programs\Microsoft VS Code\bin;C:\Users\bihan\AppData\Local\Microsoft\WindowsApps;C:\Program Files\JetBrains\RubyMine 2024.3.4\bin;" "gcc -IC:/Ruby32/include/ruby-3.2.0/i386-mingw32 -IC:/Ruby32/include/ruby-3.2.0/ruby/backward -IC:/Ruby32/include/ruby-3.2.0 -I.  -DFD_SETSIZE=2048 -D_WIN32_WINNT=0x0600 -D__MINGW_USE_VC2005_COMPAT -D_FILE_OFFSET_BITS=64  -O3 -fno-fast-math -fstack-protector-strong   -c conftest.c"
checked program was:
/* begin */
1: #include "ruby.h"
2: 
3: #include <winsock2.h>
4: #include <windows.h>
5: #include <float.h>
/* end */

--------------------

have_header: checking for math.h... -------------------- yes

PATH=".;C:/Ruby32/lib;C:\Ruby32\bin;C:\Ruby32\msys32\mingw32\bin;C:\Ruby32\msys32\usr\bin;C:\Python310\Scripts\;C:\Python310\;C:\Program Files\Common Files\Oracle\Java\javapath;C:\WINDOWS\system32;C:\WINDOWS;C:\WINDOWS\System32\Wbem;C:\WINDOWS\System32\WindowsPowerShell\v1.0\;C:\WINDOWS\System32\OpenSSH\;C:\Program Files\Java\jdk-17.0.1\bin\;C:\Program Files\dotnet\;C:\ProgramData\chocolatey\bin;D:\Frontend\React\nodejs\;C:\Program Files\MongoDB\Server\6.0\bin;C:\mongosh-1.8.0-win32-x64\mongosh-1.8.0-win32-x64\bin;C:\Program Files\PuTTY\;C:\Program Files\Git\cmd;C:\Program Files\Docker\Docker\resources\bin;C:\Program Files\MySQL\MySQL Server 5.7\bin;C:\Ruby32\bin;C:\Ruby32-x64\bin;C:\Ruby34-x64\bin;C:\Python310\Scripts\;C:\Python310\;C:\Program Files\Common Files\Oracle\Java\javapath;C:\WINDOWS\system32;C:\WINDOWS;C:\WINDOWS\System32\Wbem;C:\WINDOWS\System32\WindowsPowerShell\v1.0\;C:\WINDOWS\System32\OpenSSH\;C:\Program Files\Java\jdk-17.0.1\bin\;C:\Program Files\dotnet\;C:\ProgramData\chocolatey\bin;D:\Frontend\React\nodejs\;C:\Program Files\MongoDB\Server\6.0\bin;C:\mongosh-1.8.0-win32-x64\mongosh-1.8.0-win32-x64\bin;C:\Program Files\Docker\Docker\resources\bin;C:\Program Files\PuTTY\;C:\Program Files\Git\cmd;C:\Users\bihan\OneDrive\Documents\Anaconda;C:\Users\bihan\OneDrive\Documents\Anaconda\Library\mingw-w64\bin;C:\Users\bihan\OneDrive\Documents\Anaconda\Library\usr\bin;C:\Users\bihan\OneDrive\Documents\Anaconda\Library\bin;C:\Users\bihan\OneDrive\Documents\A;C:\Program Files\MongoDB\Server\8.0\bin;C:\Users\bihan\AppData\Local\Programs\Microsoft VS Code\bin;C:\Users\bihan\AppData\Local\Microsoft\WindowsApps;C:\Program Files\JetBrains\RubyMine 2024.3.4\bin;" "gcc -IC:/Ruby32/include/ruby-3.2.0/i386-mingw32 -IC:/Ruby32/include/ruby-3.2.0/ruby/backward -IC:/Ruby32/include/ruby-3.2.0 -I.  -DFD_SETSIZE=2048 -D_WIN32_WINNT=0x0600 -D__MINGW_USE_VC2005_COMPAT -D_FILE_OFFSET_BITS=64  -O3 -fno-fast-math -fstack-protector-strong   -c conftest.c"
checked program was:
/* begin */
1: #include "ruby.h"
2: 
3: #include <winsock2.h>
4: #include <windows.h>
5: #include <math.h>
/* end */

--------------------

have_header: checking for stdbool.h... -------------------- yes

PATH=".;C:/Ruby32/lib;C:\Ruby32\bin;C:\Ruby32\msys32\mingw32\bin;C:\Ruby32\msys32\usr\bin;C:\Python310\Scripts\;C:\Python310\;C:\Program Files\Common Files\Oracle\Java\javapath;C:\WINDOWS\system32;C:\WINDOWS;C:\WINDOWS\System32\Wbem;C:\WINDOWS\System32\WindowsPowerShell\v1.0\;C:\WINDOWS\System32\OpenSSH\;C:\Program Files\Java\jdk-17.0.1\bin\;C:\Program Files\dotnet\;C:\ProgramData\chocolatey\bin;D:\Frontend\React\nodejs\;C:\Program Files\MongoDB\Server\6.0\bin;C:\mongosh-1.8.0-win32-x64\mongosh-1.8.0-win32-x64\bin;C:\Program Files\PuTTY\;C:\Program Files\Git\cmd;C:\Program Files\Docker\Docker\resources\bin;C:\Program Files\MySQL\MySQL Server 5.7\bin;C:\Ruby32\bin;C:\Ruby32-x64\bin;C:\Ruby34-x64\bin;C:\Python310\Scripts\;C:\Python310\;C:\Program Files\Common Files\Oracle\Java\javapath;C:\WINDOWS\system32;C:\WINDOWS;C:\WINDOWS\System32\Wbem;C:\WINDOWS\System32\WindowsPowerShell\v1.0\;C:\WINDOWS\System32\OpenSSH\;C:\Program Files\Java\jdk-17.0.1\bin\;C:\Program Files\dotnet\;C:\ProgramData\chocolatey\bin;D:\Frontend\React\nodejs\;C:\Program Files\MongoDB\Server\6.0\bin;C:\mongosh-1.8.0-win32-x64\mongosh-1.8.0-win32-x64\bin;C:\Program Files\Docker\Docker\resources\bin;C:\Program Files\PuTTY\;C:\Program Files\Git\cmd;C:\Users\bihan\OneDrive\Documents\Anaconda;C:\Users\bihan\OneDrive\Documents\Anaconda\Library\mingw-w64\bin;C:\Users\bihan\OneDrive\Documents\Anaconda\Library\usr\bin;C:\Users\bihan\OneDrive\Documents\Anaconda\Library\bin;C:\Users\bihan\OneDrive\Documents\A;C:\Program Files\MongoDB\Server\8.0\bin;C:\Users\bihan\AppData\Local\Programs\Microsoft VS Code\bin;C:\Users\bihan\AppData\Local\Microsoft\WindowsApps;C:\Program Files\JetBrains\RubyMine 2024.3.4\bin;" "gcc -IC:/Ruby32/include/ruby-3.2.0/i386-mingw32 -IC:/Ruby32/include/ruby-3.2.0/ruby/backward -IC:/Ruby32/include/ruby-3.2.0 -I.  -DFD_SETSIZE=2048 -D_WIN32_WINNT=0x0600 -D__MINGW_USE_VC2005_COMPAT -D_FILE_OFFSET_BITS=64  -O3 -fno-fast-math -fstack-protector-strong   -c conftest.c"
checked program was:
/* begin */
1: #include "ruby.h"
2: 
3: #include <winsock2.h>
4: #include <windows.h>
5: #include <stdbool.h>
/* end */

--------------------

have_header: checking for stdlib.h... -------------------- yes

PATH=".;C:/Ruby32/lib;C:\Ruby32\bin;C:\Ruby32\msys32\mingw32\bin;C:\Ruby32\msys32\usr\bin;C:\Python310\Scripts\;C:\Python310\;C:\Program Files\Common Files\Oracle\Java\javapath;C:\WINDOWS\system32;C:\WINDOWS;C:\WINDOWS\System32\Wbem;C:\WINDOWS\System32\WindowsPowerShell\v1.0\;C:\WINDOWS\System32\OpenSSH\;C:\Program Files\Java\jdk-17.0.1\bin\;C:\Program Files\dotnet\;C:\ProgramData\chocolatey\bin;D:\Frontend\React\nodejs\;C:\Program Files\MongoDB\Server\6.0\bin;C:\mongosh-1.8.0-win32-x64\mongosh-1.8.0-win32-x64\bin;C:\Program Files\PuTTY\;C:\Program Files\Git\cmd;C:\Program Files\Docker\Docker\resources\bin;C:\Program Files\MySQL\MySQL Server 5.7\bin;C:\Ruby32\bin;C:\Ruby32-x64\bin;C:\Ruby34-x64\bin;C:\Python310\Scripts\;C:\Python310\;C:\Program Files\Common Files\Oracle\Java\javapath;C:\WINDOWS\system32;C:\WINDOWS;C:\WINDOWS\System32\Wbem;C:\WINDOWS\System32\WindowsPowerShell\v1.0\;C:\WINDOWS\System32\OpenSSH\;C:\Program Files\Java\jdk-17.0.1\bin\;C:\Program Files\dotnet\;C:\ProgramData\chocolatey\bin;D:\Frontend\React\nodejs\;C:\Program Files\MongoDB\Server\6.0\bin;C:\mongosh-1.8.0-win32-x64\mongosh-1.8.0-win32-x64\bin;C:\Program Files\Docker\Docker\resources\bin;C:\Program Files\PuTTY\;C:\Program Files\Git\cmd;C:\Users\bihan\OneDrive\Documents\Anaconda;C:\Users\bihan\OneDrive\Documents\Anaconda\Library\mingw-w64\bin;C:\Users\bihan\OneDrive\Documents\Anaconda\Library\usr\bin;C:\Users\bihan\OneDrive\Documents\Anaconda\Library\bin;C:\Users\bihan\OneDrive\Documents\A;C:\Program Files\MongoDB\Server\8.0\bin;C:\Users\bihan\AppData\Local\Programs\Microsoft VS Code\bin;C:\Users\bihan\AppData\Local\Microsoft\WindowsApps;C:\Program Files\JetBrains\RubyMine 2024.3.4\bin;" "gcc -IC:/Ruby32/include/ruby-3.2.0/i386-mingw32 -IC:/Ruby32/include/ruby-3.2.0/ruby/backward -IC:/Ruby32/include/ruby-3.2.0 -I.  -DFD_SETSIZE=2048 -D_WIN32_WINNT=0x0600 -D__MINGW_USE_VC2005_COMPAT -D_FILE_OFFSET_BITS=64  -O3 -fno-fast-math -fstack-protector-strong   -c conftest.c"
checked program was:
/* begin */
1: #include "ruby.h"
2: 
3: #include <winsock2.h>
4: #include <windows.h>
5: #include <stdlib.h>
/* end */

--------------------

have_header: checking for x86intrin.h... -------------------- yes

PATH=".;C:/Ruby32/lib;C:\Ruby32\bin;C:\Ruby32\msys32\mingw32\bin;C:\Ruby32\msys32\usr\bin;C:\Python310\Scripts\;C:\Python310\;C:\Program Files\Common Files\Oracle\Java\javapath;C:\WINDOWS\system32;C:\WINDOWS;C:\WINDOWS\System32\Wbem;C:\WINDOWS\System32\WindowsPowerShell\v1.0\;C:\WINDOWS\System32\OpenSSH\;C:\Program Files\Java\jdk-17.0.1\bin\;C:\Program Files\dotnet\;C:\ProgramData\chocolatey\bin;D:\Frontend\React\nodejs\;C:\Program Files\MongoDB\Server\6.0\bin;C:\mongosh-1.8.0-win32-x64\mongosh-1.8.0-win32-x64\bin;C:\Program Files\PuTTY\;C:\Program Files\Git\cmd;C:\Program Files\Docker\Docker\resources\bin;C:\Program Files\MySQL\MySQL Server 5.7\bin;C:\Ruby32\bin;C:\Ruby32-x64\bin;C:\Ruby34-x64\bin;C:\Python310\Scripts\;C:\Python310\;C:\Program Files\Common Files\Oracle\Java\javapath;C:\WINDOWS\system32;C:\WINDOWS;C:\WINDOWS\System32\Wbem;C:\WINDOWS\System32\WindowsPowerShell\v1.0\;C:\WINDOWS\System32\OpenSSH\;C:\Program Files\Java\jdk-17.0.1\bin\;C:\Program Files\dotnet\;C:\ProgramData\chocolatey\bin;D:\Frontend\React\nodejs\;C:\Program Files\MongoDB\Server\6.0\bin;C:\mongosh-1.8.0-win32-x64\mongosh-1.8.0-win32-x64\bin;C:\Program Files\Docker\Docker\resources\bin;C:\Program Files\PuTTY\;C:\Program Files\Git\cmd;C:\Users\bihan\OneDrive\Documents\Anaconda;C:\Users\bihan\OneDrive\Documents\Anaconda\Library\mingw-w64\bin;C:\Users\bihan\OneDrive\Documents\Anaconda\Library\usr\bin;C:\Users\bihan\OneDrive\Documents\Anaconda\Library\bin;C:\Users\bihan\OneDrive\Documents\A;C:\Program Files\MongoDB\Server\8.0\bin;C:\Users\bihan\AppData\Local\Programs\Microsoft VS Code\bin;C:\Users\bihan\AppData\Local\Microsoft\WindowsApps;C:\Program Files\JetBrains\RubyMine 2024.3.4\bin;" "gcc -IC:/Ruby32/include/ruby-3.2.0/i386-mingw32 -IC:/Ruby32/include/ruby-3.2.0/ruby/backward -IC:/Ruby32/include/ruby-3.2.0 -I.  -DFD_SETSIZE=2048 -D_WIN32_WINNT=0x0600 -D__MINGW_USE_VC2005_COMPAT -D_FILE_OFFSET_BITS=64  -O3 -fno-fast-math -fstack-protector-strong   -c conftest.c"
checked program was:
/* begin */
1: #include "ruby.h"
2: 
3: #include <winsock2.h>
4: #include <windows.h>
5: #include <x86intrin.h>
/* end */

--------------------

have_func: checking for _lzcnt_u32() in x86intrin.h... -------------------- no

PATH=".;C:/Ruby32/lib;C:\Ruby32\bin;C:\Ruby32\msys32\mingw32\bin;C:\Ruby32\msys32\usr\bin;C:\Python310\Scripts\;C:\Python310\;C:\Program Files\Common Files\Oracle\Java\javapath;C:\WINDOWS\system32;C:\WINDOWS;C:\WINDOWS\System32\Wbem;C:\WINDOWS\System32\WindowsPowerShell\v1.0\;C:\WINDOWS\System32\OpenSSH\;C:\Program Files\Java\jdk-17.0.1\bin\;C:\Program Files\dotnet\;C:\ProgramData\chocolatey\bin;D:\Frontend\React\nodejs\;C:\Program Files\MongoDB\Server\6.0\bin;C:\mongosh-1.8.0-win32-x64\mongosh-1.8.0-win32-x64\bin;C:\Program Files\PuTTY\;C:\Program Files\Git\cmd;C:\Program Files\Docker\Docker\resources\bin;C:\Program Files\MySQL\MySQL Server 5.7\bin;C:\Ruby32\bin;C:\Ruby32-x64\bin;C:\Ruby34-x64\bin;C:\Python310\Scripts\;C:\Python310\;C:\Program Files\Common Files\Oracle\Java\javapath;C:\WINDOWS\system32;C:\WINDOWS;C:\WINDOWS\System32\Wbem;C:\WINDOWS\System32\WindowsPowerShell\v1.0\;C:\WINDOWS\System32\OpenSSH\;C:\Program Files\Java\jdk-17.0.1\bin\;C:\Program Files\dotnet\;C:\ProgramData\chocolatey\bin;D:\Frontend\React\nodejs\;C:\Program Files\MongoDB\Server\6.0\bin;C:\mongosh-1.8.0-win32-x64\mongosh-1.8.0-win32-x64\bin;C:\Program Files\Docker\Docker\resources\bin;C:\Program Files\PuTTY\;C:\Program Files\Git\cmd;C:\Users\bihan\OneDrive\Documents\Anaconda;C:\Users\bihan\OneDrive\Documents\Anaconda\Library\mingw-w64\bin;C:\Users\bihan\OneDrive\Documents\Anaconda\Library\usr\bin;C:\Users\bihan\OneDrive\Documents\Anaconda\Library\bin;C:\Users\bihan\OneDrive\Documents\A;C:\Program Files\MongoDB\Server\8.0\bin;C:\Users\bihan\AppData\Local\Programs\Microsoft VS Code\bin;C:\Users\bihan\AppData\Local\Microsoft\WindowsApps;C:\Program Files\JetBrains\RubyMine 2024.3.4\bin;" "gcc -o conftest.exe -IC:/Ruby32/include/ruby-3.2.0/i386-mingw32 -IC:/Ruby32/include/ruby-3.2.0/ruby/backward -IC:/Ruby32/include/ruby-3.2.0 -I.  -DFD_SETSIZE=2048 -D_WIN32_WINNT=0x0600 -D__MINGW_USE_VC2005_COMPAT -D_FILE_OFFSET_BITS=64  -O3 -fno-fast-math -fstack-protector-strong conftest.c  -L. -LC:/Ruby32/lib -L. -pipe -s -fstack-protector-strong -Wl,--no-as-needed     -lmsvcrt-ruby320  -lshell32 -lws2_32 -liphlpapi -limagehlp -lshlwapi -lbcrypt  "
C:/Ruby32/msys32/mingw32/bin/../lib/gcc/i686-w64-mingw32/14.2.0/../../../../i686-w64-mingw32/bin/ld.exe: C:\Users\bihan\AppData\Local\Temp\cchF20la.o:conftest.c:(.text+0x7): undefined reference to `_lzcnt_u32'
collect2.exe: error: ld returned 1 exit status
checked program was:
/* begin */
 1: #include "ruby.h"
 2: 
 3: #include <winsock2.h>
 4: #include <windows.h>
 5: #include <x86intrin.h>
 6: 
 7: /*top*/
 8: extern int t(void);
 9: int main(int argc, char **argv)
10: {
11:   if (argc > 1000000) {
12:     int (* volatile tp)(void)=(int (*)(void))&t;
13:     printf("%d", (*tp)());
14:   }
15: 
16:   return !!argv[argc];
17: }
18: int t(void) { void ((*volatile p)()); p = (void ((*)()))_lzcnt_u32; return !p; }
/* end */

PATH=".;C:/Ruby32/lib;C:\Ruby32\bin;C:\Ruby32\msys32\mingw32\bin;C:\Ruby32\msys32\usr\bin;C:\Python310\Scripts\;C:\Python310\;C:\Program Files\Common Files\Oracle\Java\javapath;C:\WINDOWS\system32;C:\WINDOWS;C:\WINDOWS\System32\Wbem;C:\WINDOWS\System32\WindowsPowerShell\v1.0\;C:\WINDOWS\System32\OpenSSH\;C:\Program Files\Java\jdk-17.0.1\bin\;C:\Program Files\dotnet\;C:\ProgramData\chocolatey\bin;D:\Frontend\React\nodejs\;C:\Program Files\MongoDB\Server\6.0\bin;C:\mongosh-1.8.0-win32-x64\mongosh-1.8.0-win32-x64\bin;C:\Program Files\PuTTY\;C:\Program Files\Git\cmd;C:\Program Files\Docker\Docker\resources\bin;C:\Program Files\MySQL\MySQL Server 5.7\bin;C:\Ruby32\bin;C:\Ruby32-x64\bin;C:\Ruby34-x64\bin;C:\Python310\Scripts\;C:\Python310\;C:\Program Files\Common Files\Oracle\Java\javapath;C:\WINDOWS\system32;C:\WINDOWS;C:\WINDOWS\System32\Wbem;C:\WINDOWS\System32\WindowsPowerShell\v1.0\;C:\WINDOWS\System32\OpenSSH\;C:\Program Files\Java\jdk-17.0.1\bin\;C:\Program Files\dotnet\;C:\ProgramData\chocolatey\bin;D:\Frontend\React\nodejs\;C:\Program Files\MongoDB\Server\6.0\bin;C:\mongosh-1.8.0-win32-x64\mongosh-1.8.0-win32-x64\bin;C:\Program Files\Docker\Docker\resources\bin;C:\Program Files\PuTTY\;C:\Program Files\Git\cmd;C:\Users\bihan\OneDrive\Documents\Anaconda;C:\Users\bihan\OneDrive\Documents\Anaconda\Library\mingw-w64\bin;C:\Users\bihan\OneDrive\Documents\Anaconda\Library\usr\bin;C:\Users\bihan\OneDrive\Documents\Anaconda\Library\bin;C:\Users\bihan\OneDrive\Documents\A;C:\Program Files\MongoDB\Server\8.0\bin;C:\Users\bihan\AppData\Local\Programs\Microsoft VS Code\bin;C:\Users\bihan\AppData\Local\Microsoft\WindowsApps;C:\Program Files\JetBrains\RubyMine 2024.3.4\bin;" "gcc -o conftest.exe -IC:/Ruby32/include/ruby-3.2.0/i386-mingw32 -IC:/Ruby32/include/ruby-3.2.0/ruby/backward -IC:/Ruby32/include/ruby-3.2.0 -I.  -DFD_SETSIZE=2048 -D_WIN32_WINNT=0x0600 -D__MINGW_USE_VC2005_COMPAT -D_FILE_OFFSET_BITS=64  -O3 -fno-fast-math -fstack-protector-strong conftest.c  -L. -LC:/Ruby32/lib -L. -pipe -s -fstack-protector-strong -Wl,--no-as-needed     -lmsvcrt-ruby320  -lshell32 -lws2_32 -liphlpapi -limagehlp -lshlwapi -lbcrypt  "
conftest.c:18:13: error: conflicting types for '_lzcnt_u32'; have 'void()'
   18 | extern void _lzcnt_u32();
      |             ^~~~~~~~~~
In file included from C:/Ruby32/msys32/mingw32/lib/gcc/i686-w64-mingw32/14.2.0/include/x86gprintrin.h:61,
                 from C:/Ruby32/msys32/mingw32/lib/gcc/i686-w64-mingw32/14.2.0/include/x86intrin.h:27,
                 from conftest.c:5:
C:/Ruby32/msys32/mingw32/lib/gcc/i686-w64-mingw32/14.2.0/include/lzcntintrin.h:51:1: note: previous definition of '_lzcnt_u32' with type 'unsigned int(unsigned int)'
   51 | _lzcnt_u32 (unsigned int __X)
      | ^~~~~~~~~~
checked program was:
/* begin */
 1: #include "ruby.h"
 2: 
 3: #include <winsock2.h>
 4: #include <windows.h>
 5: #include <x86intrin.h>
 6: 
 7: /*top*/
 8: extern int t(void);
 9: int main(int argc, char **argv)
10: {
11:   if (argc > 1000000) {
12:     int (* volatile tp)(void)=(int (*)(void))&t;
13:     printf("%d", (*tp)());
14:   }
15: 
16:   return !!argv[argc];
17: }
18: extern void _lzcnt_u32();
19: int t(void) { _lzcnt_u32(); return 0; }
/* end */

--------------------

have_func: checking for _lzcnt_u64() in x86intrin.h... -------------------- no

PATH=".;C:/Ruby32/lib;C:\Ruby32\bin;C:\Ruby32\msys32\mingw32\bin;C:\Ruby32\msys32\usr\bin;C:\Python310\Scripts\;C:\Python310\;C:\Program Files\Common Files\Oracle\Java\javapath;C:\WINDOWS\system32;C:\WINDOWS;C:\WINDOWS\System32\Wbem;C:\WINDOWS\System32\WindowsPowerShell\v1.0\;C:\WINDOWS\System32\OpenSSH\;C:\Program Files\Java\jdk-17.0.1\bin\;C:\Program Files\dotnet\;C:\ProgramData\chocolatey\bin;D:\Frontend\React\nodejs\;C:\Program Files\MongoDB\Server\6.0\bin;C:\mongosh-1.8.0-win32-x64\mongosh-1.8.0-win32-x64\bin;C:\Program Files\PuTTY\;C:\Program Files\Git\cmd;C:\Program Files\Docker\Docker\resources\bin;C:\Program Files\MySQL\MySQL Server 5.7\bin;C:\Ruby32\bin;C:\Ruby32-x64\bin;C:\Ruby34-x64\bin;C:\Python310\Scripts\;C:\Python310\;C:\Program Files\Common Files\Oracle\Java\javapath;C:\WINDOWS\system32;C:\WINDOWS;C:\WINDOWS\System32\Wbem;C:\WINDOWS\System32\WindowsPowerShell\v1.0\;C:\WINDOWS\System32\OpenSSH\;C:\Program Files\Java\jdk-17.0.1\bin\;C:\Program Files\dotnet\;C:\ProgramData\chocolatey\bin;D:\Frontend\React\nodejs\;C:\Program Files\MongoDB\Server\6.0\bin;C:\mongosh-1.8.0-win32-x64\mongosh-1.8.0-win32-x64\bin;C:\Program Files\Docker\Docker\resources\bin;C:\Program Files\PuTTY\;C:\Program Files\Git\cmd;C:\Users\bihan\OneDrive\Documents\Anaconda;C:\Users\bihan\OneDrive\Documents\Anaconda\Library\mingw-w64\bin;C:\Users\bihan\OneDrive\Documents\Anaconda\Library\usr\bin;C:\Users\bihan\OneDrive\Documents\Anaconda\Library\bin;C:\Users\bihan\OneDrive\Documents\A;C:\Program Files\MongoDB\Server\8.0\bin;C:\Users\bihan\AppData\Local\Programs\Microsoft VS Code\bin;C:\Users\bihan\AppData\Local\Microsoft\WindowsApps;C:\Program Files\JetBrains\RubyMine 2024.3.4\bin;" "gcc -o conftest.exe -IC:/Ruby32/include/ruby-3.2.0/i386-mingw32 -IC:/Ruby32/include/ruby-3.2.0/ruby/backward -IC:/Ruby32/include/ruby-3.2.0 -I.  -DFD_SETSIZE=2048 -D_WIN32_WINNT=0x0600 -D__MINGW_USE_VC2005_COMPAT -D_FILE_OFFSET_BITS=64  -O3 -fno-fast-math -fstack-protector-strong conftest.c  -L. -LC:/Ruby32/lib -L. -pipe -s -fstack-protector-strong -Wl,--no-as-needed     -lmsvcrt-ruby320  -lshell32 -lws2_32 -liphlpapi -limagehlp -lshlwapi -lbcrypt  "
conftest.c: In function 't':
conftest.c:18:57: error: '_lzcnt_u64' undeclared (first use in this function); did you mean '_lzcnt_u32'?
   18 | int t(void) { void ((*volatile p)()); p = (void ((*)()))_lzcnt_u64; return !p; }
      |                                                         ^~~~~~~~~~
      |                                                         _lzcnt_u32
conftest.c:18:57: note: each undeclared identifier is reported only once for each function it appears in
checked program was:
/* begin */
 1: #include "ruby.h"
 2: 
 3: #include <winsock2.h>
 4: #include <windows.h>
 5: #include <x86intrin.h>
 6: 
 7: /*top*/
 8: extern int t(void);
 9: int main(int argc, char **argv)
10: {
11:   if (argc > 1000000) {
12:     int (* volatile tp)(void)=(int (*)(void))&t;
13:     printf("%d", (*tp)());
14:   }
15: 
16:   return !!argv[argc];
17: }
18: int t(void) { void ((*volatile p)()); p = (void ((*)()))_lzcnt_u64; return !p; }
/* end */

PATH=".;C:/Ruby32/lib;C:\Ruby32\bin;C:\Ruby32\msys32\mingw32\bin;C:\Ruby32\msys32\usr\bin;C:\Python310\Scripts\;C:\Python310\;C:\Program Files\Common Files\Oracle\Java\javapath;C:\WINDOWS\system32;C:\WINDOWS;C:\WINDOWS\System32\Wbem;C:\WINDOWS\System32\WindowsPowerShell\v1.0\;C:\WINDOWS\System32\OpenSSH\;C:\Program Files\Java\jdk-17.0.1\bin\;C:\Program Files\dotnet\;C:\ProgramData\chocolatey\bin;D:\Frontend\React\nodejs\;C:\Program Files\MongoDB\Server\6.0\bin;C:\mongosh-1.8.0-win32-x64\mongosh-1.8.0-win32-x64\bin;C:\Program Files\PuTTY\;C:\Program Files\Git\cmd;C:\Program Files\Docker\Docker\resources\bin;C:\Program Files\MySQL\MySQL Server 5.7\bin;C:\Ruby32\bin;C:\Ruby32-x64\bin;C:\Ruby34-x64\bin;C:\Python310\Scripts\;C:\Python310\;C:\Program Files\Common Files\Oracle\Java\javapath;C:\WINDOWS\system32;C:\WINDOWS;C:\WINDOWS\System32\Wbem;C:\WINDOWS\System32\WindowsPowerShell\v1.0\;C:\WINDOWS\System32\OpenSSH\;C:\Program Files\Java\jdk-17.0.1\bin\;C:\Program Files\dotnet\;C:\ProgramData\chocolatey\bin;D:\Frontend\React\nodejs\;C:\Program Files\MongoDB\Server\6.0\bin;C:\mongosh-1.8.0-win32-x64\mongosh-1.8.0-win32-x64\bin;C:\Program Files\Docker\Docker\resources\bin;C:\Program Files\PuTTY\;C:\Program Files\Git\cmd;C:\Users\bihan\OneDrive\Documents\Anaconda;C:\Users\bihan\OneDrive\Documents\Anaconda\Library\mingw-w64\bin;C:\Users\bihan\OneDrive\Documents\Anaconda\Library\usr\bin;C:\Users\bihan\OneDrive\Documents\Anaconda\Library\bin;C:\Users\bihan\OneDrive\Documents\A;C:\Program Files\MongoDB\Server\8.0\bin;C:\Users\bihan\AppData\Local\Programs\Microsoft VS Code\bin;C:\Users\bihan\AppData\Local\Microsoft\WindowsApps;C:\Program Files\JetBrains\RubyMine 2024.3.4\bin;" "gcc -o conftest.exe -IC:/Ruby32/include/ruby-3.2.0/i386-mingw32 -IC:/Ruby32/include/ruby-3.2.0/ruby/backward -IC:/Ruby32/include/ruby-3.2.0 -I.  -DFD_SETSIZE=2048 -D_WIN32_WINNT=0x0600 -D__MINGW_USE_VC2005_COMPAT -D_FILE_OFFSET_BITS=64  -O3 -fno-fast-math -fstack-protector-strong conftest.c  -L. -LC:/Ruby32/lib -L. -pipe -s -fstack-protector-strong -Wl,--no-as-needed     -lmsvcrt-ruby320  -lshell32 -lws2_32 -liphlpapi -limagehlp -lshlwapi -lbcrypt  "
C:/Ruby32/msys32/mingw32/bin/../lib/gcc/i686-w64-mingw32/14.2.0/../../../../i686-w64-mingw32/bin/ld.exe: C:\Users\bihan\AppData\Local\Temp\ccL5My9o.o:conftest.c:(.text+0x4): undefined reference to `_lzcnt_u64'
collect2.exe: error: ld returned 1 exit status
checked program was:
/* begin */
 1: #include "ruby.h"
 2: 
 3: #include <winsock2.h>
 4: #include <windows.h>
 5: #include <x86intrin.h>
 6: 
 7: /*top*/
 8: extern int t(void);
 9: int main(int argc, char **argv)
10: {
11:   if (argc > 1000000) {
12:     int (* volatile tp)(void)=(int (*)(void))&t;
13:     printf("%d", (*tp)());
14:   }
15: 
16:   return !!argv[argc];
17: }
18: extern void _lzcnt_u64();
19: int t(void) { _lzcnt_u64(); return 0; }
/* end */

--------------------

have_header: checking for intrin.h... -------------------- yes

PATH=".;C:/Ruby32/lib;C:\Ruby32\bin;C:\Ruby32\msys32\mingw32\bin;C:\Ruby32\msys32\usr\bin;C:\Python310\Scripts\;C:\Python310\;C:\Program Files\Common Files\Oracle\Java\javapath;C:\WINDOWS\system32;C:\WINDOWS;C:\WINDOWS\System32\Wbem;C:\WINDOWS\System32\WindowsPowerShell\v1.0\;C:\WINDOWS\System32\OpenSSH\;C:\Program Files\Java\jdk-17.0.1\bin\;C:\Program Files\dotnet\;C:\ProgramData\chocolatey\bin;D:\Frontend\React\nodejs\;C:\Program Files\MongoDB\Server\6.0\bin;C:\mongosh-1.8.0-win32-x64\mongosh-1.8.0-win32-x64\bin;C:\Program Files\PuTTY\;C:\Program Files\Git\cmd;C:\Program Files\Docker\Docker\resources\bin;C:\Program Files\MySQL\MySQL Server 5.7\bin;C:\Ruby32\bin;C:\Ruby32-x64\bin;C:\Ruby34-x64\bin;C:\Python310\Scripts\;C:\Python310\;C:\Program Files\Common Files\Oracle\Java\javapath;C:\WINDOWS\system32;C:\WINDOWS;C:\WINDOWS\System32\Wbem;C:\WINDOWS\System32\WindowsPowerShell\v1.0\;C:\WINDOWS\System32\OpenSSH\;C:\Program Files\Java\jdk-17.0.1\bin\;C:\Program Files\dotnet\;C:\ProgramData\chocolatey\bin;D:\Frontend\React\nodejs\;C:\Program Files\MongoDB\Server\6.0\bin;C:\mongosh-1.8.0-win32-x64\mongosh-1.8.0-win32-x64\bin;C:\Program Files\Docker\Docker\resources\bin;C:\Program Files\PuTTY\;C:\Program Files\Git\cmd;C:\Users\bihan\OneDrive\Documents\Anaconda;C:\Users\bihan\OneDrive\Documents\Anaconda\Library\mingw-w64\bin;C:\Users\bihan\OneDrive\Documents\Anaconda\Library\usr\bin;C:\Users\bihan\OneDrive\Documents\Anaconda\Library\bin;C:\Users\bihan\OneDrive\Documents\A;C:\Program Files\MongoDB\Server\8.0\bin;C:\Users\bihan\AppData\Local\Programs\Microsoft VS Code\bin;C:\Users\bihan\AppData\Local\Microsoft\WindowsApps;C:\Program Files\JetBrains\RubyMine 2024.3.4\bin;" "gcc -IC:/Ruby32/include/ruby-3.2.0/i386-mingw32 -IC:/Ruby32/include/ruby-3.2.0/ruby/backward -IC:/Ruby32/include/ruby-3.2.0 -I.  -DFD_SETSIZE=2048 -D_WIN32_WINNT=0x0600 -D__MINGW_USE_VC2005_COMPAT -D_FILE_OFFSET_BITS=64  -O3 -fno-fast-math -fstack-protector-strong   -c conftest.c"
checked program was:
/* begin */
1: #include "ruby.h"
2: 
3: #include <winsock2.h>
4: #include <windows.h>
5: #include <intrin.h>
/* end */

--------------------

have_func: checking for __lzcnt() in intrin.h... -------------------- no

PATH=".;C:/Ruby32/lib;C:\Ruby32\bin;C:\Ruby32\msys32\mingw32\bin;C:\Ruby32\msys32\usr\bin;C:\Python310\Scripts\;C:\Python310\;C:\Program Files\Common Files\Oracle\Java\javapath;C:\WINDOWS\system32;C:\WINDOWS;C:\WINDOWS\System32\Wbem;C:\WINDOWS\System32\WindowsPowerShell\v1.0\;C:\WINDOWS\System32\OpenSSH\;C:\Program Files\Java\jdk-17.0.1\bin\;C:\Program Files\dotnet\;C:\ProgramData\chocolatey\bin;D:\Frontend\React\nodejs\;C:\Program Files\MongoDB\Server\6.0\bin;C:\mongosh-1.8.0-win32-x64\mongosh-1.8.0-win32-x64\bin;C:\Program Files\PuTTY\;C:\Program Files\Git\cmd;C:\Program Files\Docker\Docker\resources\bin;C:\Program Files\MySQL\MySQL Server 5.7\bin;C:\Ruby32\bin;C:\Ruby32-x64\bin;C:\Ruby34-x64\bin;C:\Python310\Scripts\;C:\Python310\;C:\Program Files\Common Files\Oracle\Java\javapath;C:\WINDOWS\system32;C:\WINDOWS;C:\WINDOWS\System32\Wbem;C:\WINDOWS\System32\WindowsPowerShell\v1.0\;C:\WINDOWS\System32\OpenSSH\;C:\Program Files\Java\jdk-17.0.1\bin\;C:\Program Files\dotnet\;C:\ProgramData\chocolatey\bin;D:\Frontend\React\nodejs\;C:\Program Files\MongoDB\Server\6.0\bin;C:\mongosh-1.8.0-win32-x64\mongosh-1.8.0-win32-x64\bin;C:\Program Files\Docker\Docker\resources\bin;C:\Program Files\PuTTY\;C:\Program Files\Git\cmd;C:\Users\bihan\OneDrive\Documents\Anaconda;C:\Users\bihan\OneDrive\Documents\Anaconda\Library\mingw-w64\bin;C:\Users\bihan\OneDrive\Documents\Anaconda\Library\usr\bin;C:\Users\bihan\OneDrive\Documents\Anaconda\Library\bin;C:\Users\bihan\OneDrive\Documents\A;C:\Program Files\MongoDB\Server\8.0\bin;C:\Users\bihan\AppData\Local\Programs\Microsoft VS Code\bin;C:\Users\bihan\AppData\Local\Microsoft\WindowsApps;C:\Program Files\JetBrains\RubyMine 2024.3.4\bin;" "gcc -o conftest.exe -IC:/Ruby32/include/ruby-3.2.0/i386-mingw32 -IC:/Ruby32/include/ruby-3.2.0/ruby/backward -IC:/Ruby32/include/ruby-3.2.0 -I.  -DFD_SETSIZE=2048 -D_WIN32_WINNT=0x0600 -D__MINGW_USE_VC2005_COMPAT -D_FILE_OFFSET_BITS=64  -O3 -fno-fast-math -fstack-protector-strong conftest.c  -L. -LC:/Ruby32/lib -L. -pipe -s -fstack-protector-strong -Wl,--no-as-needed     -lmsvcrt-ruby320  -lshell32 -lws2_32 -liphlpapi -limagehlp -lshlwapi -lbcrypt  "
conftest.c: In function 't':
conftest.c:18:57: error: '__lzcnt' undeclared (first use in this function); did you mean '__lzcnt32'?
   18 | int t(void) { void ((*volatile p)()); p = (void ((*)()))__lzcnt; return !p; }
      |                                                         ^~~~~~~
      |                                                         __lzcnt32
conftest.c:18:57: note: each undeclared identifier is reported only once for each function it appears in
checked program was:
/* begin */
 1: #include "ruby.h"
 2: 
 3: #include <winsock2.h>
 4: #include <windows.h>
 5: #include <intrin.h>
 6: 
 7: /*top*/
 8: extern int t(void);
 9: int main(int argc, char **argv)
10: {
11:   if (argc > 1000000) {
12:     int (* volatile tp)(void)=(int (*)(void))&t;
13:     printf("%d", (*tp)());
14:   }
15: 
16:   return !!argv[argc];
17: }
18: int t(void) { void ((*volatile p)()); p = (void ((*)()))__lzcnt; return !p; }
/* end */

PATH=".;C:/Ruby32/lib;C:\Ruby32\bin;C:\Ruby32\msys32\mingw32\bin;C:\Ruby32\msys32\usr\bin;C:\Python310\Scripts\;C:\Python310\;C:\Program Files\Common Files\Oracle\Java\javapath;C:\WINDOWS\system32;C:\WINDOWS;C:\WINDOWS\System32\Wbem;C:\WINDOWS\System32\WindowsPowerShell\v1.0\;C:\WINDOWS\System32\OpenSSH\;C:\Program Files\Java\jdk-17.0.1\bin\;C:\Program Files\dotnet\;C:\ProgramData\chocolatey\bin;D:\Frontend\React\nodejs\;C:\Program Files\MongoDB\Server\6.0\bin;C:\mongosh-1.8.0-win32-x64\mongosh-1.8.0-win32-x64\bin;C:\Program Files\PuTTY\;C:\Program Files\Git\cmd;C:\Program Files\Docker\Docker\resources\bin;C:\Program Files\MySQL\MySQL Server 5.7\bin;C:\Ruby32\bin;C:\Ruby32-x64\bin;C:\Ruby34-x64\bin;C:\Python310\Scripts\;C:\Python310\;C:\Program Files\Common Files\Oracle\Java\javapath;C:\WINDOWS\system32;C:\WINDOWS;C:\WINDOWS\System32\Wbem;C:\WINDOWS\System32\WindowsPowerShell\v1.0\;C:\WINDOWS\System32\OpenSSH\;C:\Program Files\Java\jdk-17.0.1\bin\;C:\Program Files\dotnet\;C:\ProgramData\chocolatey\bin;D:\Frontend\React\nodejs\;C:\Program Files\MongoDB\Server\6.0\bin;C:\mongosh-1.8.0-win32-x64\mongosh-1.8.0-win32-x64\bin;C:\Program Files\Docker\Docker\resources\bin;C:\Program Files\PuTTY\;C:\Program Files\Git\cmd;C:\Users\bihan\OneDrive\Documents\Anaconda;C:\Users\bihan\OneDrive\Documents\Anaconda\Library\mingw-w64\bin;C:\Users\bihan\OneDrive\Documents\Anaconda\Library\usr\bin;C:\Users\bihan\OneDrive\Documents\Anaconda\Library\bin;C:\Users\bihan\OneDrive\Documents\A;C:\Program Files\MongoDB\Server\8.0\bin;C:\Users\bihan\AppData\Local\Programs\Microsoft VS Code\bin;C:\Users\bihan\AppData\Local\Microsoft\WindowsApps;C:\Program Files\JetBrains\RubyMine 2024.3.4\bin;" "gcc -o conftest.exe -IC:/Ruby32/include/ruby-3.2.0/i386-mingw32 -IC:/Ruby32/include/ruby-3.2.0/ruby/backward -IC:/Ruby32/include/ruby-3.2.0 -I.  -DFD_SETSIZE=2048 -D_WIN32_WINNT=0x0600 -D__MINGW_USE_VC2005_COMPAT -D_FILE_OFFSET_BITS=64  -O3 -fno-fast-math -fstack-protector-strong conftest.c  -L. -LC:/Ruby32/lib -L. -pipe -s -fstack-protector-strong -Wl,--no-as-needed     -lmsvcrt-ruby320  -lshell32 -lws2_32 -liphlpapi -limagehlp -lshlwapi -lbcrypt  "
C:/Ruby32/msys32/mingw32/bin/../lib/gcc/i686-w64-mingw32/14.2.0/../../../../i686-w64-mingw32/bin/ld.exe: C:\Users\bihan\AppData\Local\Temp\cc4XdIcV.o:conftest.c:(.text+0x4): undefined reference to `__lzcnt'
collect2.exe: error: ld returned 1 exit status
checked program was:
/* begin */
 1: #include "ruby.h"
 2: 
 3: #include <winsock2.h>
 4: #include <windows.h>
 5: #include <intrin.h>
 6: 
 7: /*top*/
 8: extern int t(void);
 9: int main(int argc, char **argv)
10: {
11:   if (argc > 1000000) {
12:     int (* volatile tp)(void)=(int (*)(void))&t;
13:     printf("%d", (*tp)());
14:   }
15: 
16:   return !!argv[argc];
17: }
18: extern void __lzcnt();
19: int t(void) { __lzcnt(); return 0; }
/* end */

--------------------

have_func: checking for __lzcnt64() in intrin.h... -------------------- no

PATH=".;C:/Ruby32/lib;C:\Ruby32\bin;C:\Ruby32\msys32\mingw32\bin;C:\Ruby32\msys32\usr\bin;C:\Python310\Scripts\;C:\Python310\;C:\Program Files\Common Files\Oracle\Java\javapath;C:\WINDOWS\system32;C:\WINDOWS;C:\WINDOWS\System32\Wbem;C:\WINDOWS\System32\WindowsPowerShell\v1.0\;C:\WINDOWS\System32\OpenSSH\;C:\Program Files\Java\jdk-17.0.1\bin\;C:\Program Files\dotnet\;C:\ProgramData\chocolatey\bin;D:\Frontend\React\nodejs\;C:\Program Files\MongoDB\Server\6.0\bin;C:\mongosh-1.8.0-win32-x64\mongosh-1.8.0-win32-x64\bin;C:\Program Files\PuTTY\;C:\Program Files\Git\cmd;C:\Program Files\Docker\Docker\resources\bin;C:\Program Files\MySQL\MySQL Server 5.7\bin;C:\Ruby32\bin;C:\Ruby32-x64\bin;C:\Ruby34-x64\bin;C:\Python310\Scripts\;C:\Python310\;C:\Program Files\Common Files\Oracle\Java\javapath;C:\WINDOWS\system32;C:\WINDOWS;C:\WINDOWS\System32\Wbem;C:\WINDOWS\System32\WindowsPowerShell\v1.0\;C:\WINDOWS\System32\OpenSSH\;C:\Program Files\Java\jdk-17.0.1\bin\;C:\Program Files\dotnet\;C:\ProgramData\chocolatey\bin;D:\Frontend\React\nodejs\;C:\Program Files\MongoDB\Server\6.0\bin;C:\mongosh-1.8.0-win32-x64\mongosh-1.8.0-win32-x64\bin;C:\Program Files\Docker\Docker\resources\bin;C:\Program Files\PuTTY\;C:\Program Files\Git\cmd;C:\Users\bihan\OneDrive\Documents\Anaconda;C:\Users\bihan\OneDrive\Documents\Anaconda\Library\mingw-w64\bin;C:\Users\bihan\OneDrive\Documents\Anaconda\Library\usr\bin;C:\Users\bihan\OneDrive\Documents\Anaconda\Library\bin;C:\Users\bihan\OneDrive\Documents\A;C:\Program Files\MongoDB\Server\8.0\bin;C:\Users\bihan\AppData\Local\Programs\Microsoft VS Code\bin;C:\Users\bihan\AppData\Local\Microsoft\WindowsApps;C:\Program Files\JetBrains\RubyMine 2024.3.4\bin;" "gcc -o conftest.exe -IC:/Ruby32/include/ruby-3.2.0/i386-mingw32 -IC:/Ruby32/include/ruby-3.2.0/ruby/backward -IC:/Ruby32/include/ruby-3.2.0 -I.  -DFD_SETSIZE=2048 -D_WIN32_WINNT=0x0600 -D__MINGW_USE_VC2005_COMPAT -D_FILE_OFFSET_BITS=64  -O3 -fno-fast-math -fstack-protector-strong conftest.c  -L. -LC:/Ruby32/lib -L. -pipe -s -fstack-protector-strong -Wl,--no-as-needed     -lmsvcrt-ruby320  -lshell32 -lws2_32 -liphlpapi -limagehlp -lshlwapi -lbcrypt  "
conftest.c: In function 't':
conftest.c:18:57: error: '__lzcnt64' undeclared (first use in this function); did you mean '__lzcnt32'?
   18 | int t(void) { void ((*volatile p)()); p = (void ((*)()))__lzcnt64; return !p; }
      |                                                         ^~~~~~~~~
      |                                                         __lzcnt32
conftest.c:18:57: note: each undeclared identifier is reported only once for each function it appears in
checked program was:
/* begin */
 1: #include "ruby.h"
 2: 
 3: #include <winsock2.h>
 4: #include <windows.h>
 5: #include <intrin.h>
 6: 
 7: /*top*/
 8: extern int t(void);
 9: int main(int argc, char **argv)
10: {
11:   if (argc > 1000000) {
12:     int (* volatile tp)(void)=(int (*)(void))&t;
13:     printf("%d", (*tp)());
14:   }
15: 
16:   return !!argv[argc];
17: }
18: int t(void) { void ((*volatile p)()); p = (void ((*)()))__lzcnt64; return !p; }
/* end */

PATH=".;C:/Ruby32/lib;C:\Ruby32\bin;C:\Ruby32\msys32\mingw32\bin;C:\Ruby32\msys32\usr\bin;C:\Python310\Scripts\;C:\Python310\;C:\Program Files\Common Files\Oracle\Java\javapath;C:\WINDOWS\system32;C:\WINDOWS;C:\WINDOWS\System32\Wbem;C:\WINDOWS\System32\WindowsPowerShell\v1.0\;C:\WINDOWS\System32\OpenSSH\;C:\Program Files\Java\jdk-17.0.1\bin\;C:\Program Files\dotnet\;C:\ProgramData\chocolatey\bin;D:\Frontend\React\nodejs\;C:\Program Files\MongoDB\Server\6.0\bin;C:\mongosh-1.8.0-win32-x64\mongosh-1.8.0-win32-x64\bin;C:\Program Files\PuTTY\;C:\Program Files\Git\cmd;C:\Program Files\Docker\Docker\resources\bin;C:\Program Files\MySQL\MySQL Server 5.7\bin;C:\Ruby32\bin;C:\Ruby32-x64\bin;C:\Ruby34-x64\bin;C:\Python310\Scripts\;C:\Python310\;C:\Program Files\Common Files\Oracle\Java\javapath;C:\WINDOWS\system32;C:\WINDOWS;C:\WINDOWS\System32\Wbem;C:\WINDOWS\System32\WindowsPowerShell\v1.0\;C:\WINDOWS\System32\OpenSSH\;C:\Program Files\Java\jdk-17.0.1\bin\;C:\Program Files\dotnet\;C:\ProgramData\chocolatey\bin;D:\Frontend\React\nodejs\;C:\Program Files\MongoDB\Server\6.0\bin;C:\mongosh-1.8.0-win32-x64\mongosh-1.8.0-win32-x64\bin;C:\Program Files\Docker\Docker\resources\bin;C:\Program Files\PuTTY\;C:\Program Files\Git\cmd;C:\Users\bihan\OneDrive\Documents\Anaconda;C:\Users\bihan\OneDrive\Documents\Anaconda\Library\mingw-w64\bin;C:\Users\bihan\OneDrive\Documents\Anaconda\Library\usr\bin;C:\Users\bihan\OneDrive\Documents\Anaconda\Library\bin;C:\Users\bihan\OneDrive\Documents\A;C:\Program Files\MongoDB\Server\8.0\bin;C:\Users\bihan\AppData\Local\Programs\Microsoft VS Code\bin;C:\Users\bihan\AppData\Local\Microsoft\WindowsApps;C:\Program Files\JetBrains\RubyMine 2024.3.4\bin;" "gcc -o conftest.exe -IC:/Ruby32/include/ruby-3.2.0/i386-mingw32 -IC:/Ruby32/include/ruby-3.2.0/ruby/backward -IC:/Ruby32/include/ruby-3.2.0 -I.  -DFD_SETSIZE=2048 -D_WIN32_WINNT=0x0600 -D__MINGW_USE_VC2005_COMPAT -D_FILE_OFFSET_BITS=64  -O3 -fno-fast-math -fstack-protector-strong conftest.c  -L. -LC:/Ruby32/lib -L. -pipe -s -fstack-protector-strong -Wl,--no-as-needed     -lmsvcrt-ruby320  -lshell32 -lws2_32 -liphlpapi -limagehlp -lshlwapi -lbcrypt  "
C:/Ruby32/msys32/mingw32/bin/../lib/gcc/i686-w64-mingw32/14.2.0/../../../../i686-w64-mingw32/bin/ld.exe: C:\Users\bihan\AppData\Local\Temp\ccO1ueKk.o:conftest.c:(.text+0x4): undefined reference to `__lzcnt64'
collect2.exe: error: ld returned 1 exit status
checked program was:
/* begin */
 1: #include "ruby.h"
 2: 
 3: #include <winsock2.h>
 4: #include <windows.h>
 5: #include <intrin.h>
 6: 
 7: /*top*/
 8: extern int t(void);
 9: int main(int argc, char **argv)
10: {
11:   if (argc > 1000000) {
12:     int (* volatile tp)(void)=(int (*)(void))&t;
13:     printf("%d", (*tp)());
14:   }
15: 
16:   return !!argv[argc];
17: }
18: extern void __lzcnt64();
19: int t(void) { __lzcnt64(); return 0; }
/* end */

--------------------

have_func: checking for _BitScanReverse() in intrin.h... -------------------- yes

PATH=".;C:/Ruby32/lib;C:\Ruby32\bin;C:\Ruby32\msys32\mingw32\bin;C:\Ruby32\msys32\usr\bin;C:\Python310\Scripts\;C:\Python310\;C:\Program Files\Common Files\Oracle\Java\javapath;C:\WINDOWS\system32;C:\WINDOWS;C:\WINDOWS\System32\Wbem;C:\WINDOWS\System32\WindowsPowerShell\v1.0\;C:\WINDOWS\System32\OpenSSH\;C:\Program Files\Java\jdk-17.0.1\bin\;C:\Program Files\dotnet\;C:\ProgramData\chocolatey\bin;D:\Frontend\React\nodejs\;C:\Program Files\MongoDB\Server\6.0\bin;C:\mongosh-1.8.0-win32-x64\mongosh-1.8.0-win32-x64\bin;C:\Program Files\PuTTY\;C:\Program Files\Git\cmd;C:\Program Files\Docker\Docker\resources\bin;C:\Program Files\MySQL\MySQL Server 5.7\bin;C:\Ruby32\bin;C:\Ruby32-x64\bin;C:\Ruby34-x64\bin;C:\Python310\Scripts\;C:\Python310\;C:\Program Files\Common Files\Oracle\Java\javapath;C:\WINDOWS\system32;C:\WINDOWS;C:\WINDOWS\System32\Wbem;C:\WINDOWS\System32\WindowsPowerShell\v1.0\;C:\WINDOWS\System32\OpenSSH\;C:\Program Files\Java\jdk-17.0.1\bin\;C:\Program Files\dotnet\;C:\ProgramData\chocolatey\bin;D:\Frontend\React\nodejs\;C:\Program Files\MongoDB\Server\6.0\bin;C:\mongosh-1.8.0-win32-x64\mongosh-1.8.0-win32-x64\bin;C:\Program Files\Docker\Docker\resources\bin;C:\Program Files\PuTTY\;C:\Program Files\Git\cmd;C:\Users\bihan\OneDrive\Documents\Anaconda;C:\Users\bihan\OneDrive\Documents\Anaconda\Library\mingw-w64\bin;C:\Users\bihan\OneDrive\Documents\Anaconda\Library\usr\bin;C:\Users\bihan\OneDrive\Documents\Anaconda\Library\bin;C:\Users\bihan\OneDrive\Documents\A;C:\Program Files\MongoDB\Server\8.0\bin;C:\Users\bihan\AppData\Local\Programs\Microsoft VS Code\bin;C:\Users\bihan\AppData\Local\Microsoft\WindowsApps;C:\Program Files\JetBrains\RubyMine 2024.3.4\bin;" "gcc -o conftest.exe -IC:/Ruby32/include/ruby-3.2.0/i386-mingw32 -IC:/Ruby32/include/ruby-3.2.0/ruby/backward -IC:/Ruby32/include/ruby-3.2.0 -I.  -DFD_SETSIZE=2048 -D_WIN32_WINNT=0x0600 -D__MINGW_USE_VC2005_COMPAT -D_FILE_OFFSET_BITS=64  -O3 -fno-fast-math -fstack-protector-strong conftest.c  -L. -LC:/Ruby32/lib -L. -pipe -s -fstack-protector-strong -Wl,--no-as-needed     -lmsvcrt-ruby320  -lshell32 -lws2_32 -liphlpapi -limagehlp -lshlwapi -lbcrypt  "
checked program was:
/* begin */
 1: #include "ruby.h"
 2: 
 3: #include <winsock2.h>
 4: #include <windows.h>
 5: #include <intrin.h>
 6: 
 7: /*top*/
 8: extern int t(void);
 9: int main(int argc, char **argv)
10: {
11:   if (argc > 1000000) {
12:     int (* volatile tp)(void)=(int (*)(void))&t;
13:     printf("%d", (*tp)());
14:   }
15: 
16:   return !!argv[argc];
17: }
18: int t(void) { void ((*volatile p)()); p = (void ((*)()))_BitScanReverse; return !p; }
/* end */

--------------------

have_func: checking for _BitScanReverse64() in intrin.h... -------------------- no

PATH=".;C:/Ruby32/lib;C:\Ruby32\bin;C:\Ruby32\msys32\mingw32\bin;C:\Ruby32\msys32\usr\bin;C:\Python310\Scripts\;C:\Python310\;C:\Program Files\Common Files\Oracle\Java\javapath;C:\WINDOWS\system32;C:\WINDOWS;C:\WINDOWS\System32\Wbem;C:\WINDOWS\System32\WindowsPowerShell\v1.0\;C:\WINDOWS\System32\OpenSSH\;C:\Program Files\Java\jdk-17.0.1\bin\;C:\Program Files\dotnet\;C:\ProgramData\chocolatey\bin;D:\Frontend\React\nodejs\;C:\Program Files\MongoDB\Server\6.0\bin;C:\mongosh-1.8.0-win32-x64\mongosh-1.8.0-win32-x64\bin;C:\Program Files\PuTTY\;C:\Program Files\Git\cmd;C:\Program Files\Docker\Docker\resources\bin;C:\Program Files\MySQL\MySQL Server 5.7\bin;C:\Ruby32\bin;C:\Ruby32-x64\bin;C:\Ruby34-x64\bin;C:\Python310\Scripts\;C:\Python310\;C:\Program Files\Common Files\Oracle\Java\javapath;C:\WINDOWS\system32;C:\WINDOWS;C:\WINDOWS\System32\Wbem;C:\WINDOWS\System32\WindowsPowerShell\v1.0\;C:\WINDOWS\System32\OpenSSH\;C:\Program Files\Java\jdk-17.0.1\bin\;C:\Program Files\dotnet\;C:\ProgramData\chocolatey\bin;D:\Frontend\React\nodejs\;C:\Program Files\MongoDB\Server\6.0\bin;C:\mongosh-1.8.0-win32-x64\mongosh-1.8.0-win32-x64\bin;C:\Program Files\Docker\Docker\resources\bin;C:\Program Files\PuTTY\;C:\Program Files\Git\cmd;C:\Users\bihan\OneDrive\Documents\Anaconda;C:\Users\bihan\OneDrive\Documents\Anaconda\Library\mingw-w64\bin;C:\Users\bihan\OneDrive\Documents\Anaconda\Library\usr\bin;C:\Users\bihan\OneDrive\Documents\Anaconda\Library\bin;C:\Users\bihan\OneDrive\Documents\A;C:\Program Files\MongoDB\Server\8.0\bin;C:\Users\bihan\AppData\Local\Programs\Microsoft VS Code\bin;C:\Users\bihan\AppData\Local\Microsoft\WindowsApps;C:\Program Files\JetBrains\RubyMine 2024.3.4\bin;" "gcc -o conftest.exe -IC:/Ruby32/include/ruby-3.2.0/i386-mingw32 -IC:/Ruby32/include/ruby-3.2.0/ruby/backward -IC:/Ruby32/include/ruby-3.2.0 -I.  -DFD_SETSIZE=2048 -D_WIN32_WINNT=0x0600 -D__MINGW_USE_VC2005_COMPAT -D_FILE_OFFSET_BITS=64  -O3 -fno-fast-math -fstack-protector-strong conftest.c  -L. -LC:/Ruby32/lib -L. -pipe -s -fstack-protector-strong -Wl,--no-as-needed     -lmsvcrt-ruby320  -lshell32 -lws2_32 -liphlpapi -limagehlp -lshlwapi -lbcrypt  "
conftest.c: In function 't':
conftest.c:18:57: error: '_BitScanReverse64' undeclared (first use in this function); did you mean '_BitScanReverse'?
   18 | int t(void) { void ((*volatile p)()); p = (void ((*)()))_BitScanReverse64; return !p; }
      |                                                         ^~~~~~~~~~~~~~~~~
      |                                                         _BitScanReverse
conftest.c:18:57: note: each undeclared identifier is reported only once for each function it appears in
checked program was:
/* begin */
 1: #include "ruby.h"
 2: 
 3: #include <winsock2.h>
 4: #include <windows.h>
 5: #include <intrin.h>
 6: 
 7: /*top*/
 8: extern int t(void);
 9: int main(int argc, char **argv)
10: {
11:   if (argc > 1000000) {
12:     int (* volatile tp)(void)=(int (*)(void))&t;
13:     printf("%d", (*tp)());
14:   }
15: 
16:   return !!argv[argc];
17: }
18: int t(void) { void ((*volatile p)()); p = (void ((*)()))_BitScanReverse64; return !p; }
/* end */

PATH=".;C:/Ruby32/lib;C:\Ruby32\bin;C:\Ruby32\msys32\mingw32\bin;C:\Ruby32\msys32\usr\bin;C:\Python310\Scripts\;C:\Python310\;C:\Program Files\Common Files\Oracle\Java\javapath;C:\WINDOWS\system32;C:\WINDOWS;C:\WINDOWS\System32\Wbem;C:\WINDOWS\System32\WindowsPowerShell\v1.0\;C:\WINDOWS\System32\OpenSSH\;C:\Program Files\Java\jdk-17.0.1\bin\;C:\Program Files\dotnet\;C:\ProgramData\chocolatey\bin;D:\Frontend\React\nodejs\;C:\Program Files\MongoDB\Server\6.0\bin;C:\mongosh-1.8.0-win32-x64\mongosh-1.8.0-win32-x64\bin;C:\Program Files\PuTTY\;C:\Program Files\Git\cmd;C:\Program Files\Docker\Docker\resources\bin;C:\Program Files\MySQL\MySQL Server 5.7\bin;C:\Ruby32\bin;C:\Ruby32-x64\bin;C:\Ruby34-x64\bin;C:\Python310\Scripts\;C:\Python310\;C:\Program Files\Common Files\Oracle\Java\javapath;C:\WINDOWS\system32;C:\WINDOWS;C:\WINDOWS\System32\Wbem;C:\WINDOWS\System32\WindowsPowerShell\v1.0\;C:\WINDOWS\System32\OpenSSH\;C:\Program Files\Java\jdk-17.0.1\bin\;C:\Program Files\dotnet\;C:\ProgramData\chocolatey\bin;D:\Frontend\React\nodejs\;C:\Program Files\MongoDB\Server\6.0\bin;C:\mongosh-1.8.0-win32-x64\mongosh-1.8.0-win32-x64\bin;C:\Program Files\Docker\Docker\resources\bin;C:\Program Files\PuTTY\;C:\Program Files\Git\cmd;C:\Users\bihan\OneDrive\Documents\Anaconda;C:\Users\bihan\OneDrive\Documents\Anaconda\Library\mingw-w64\bin;C:\Users\bihan\OneDrive\Documents\Anaconda\Library\usr\bin;C:\Users\bihan\OneDrive\Documents\Anaconda\Library\bin;C:\Users\bihan\OneDrive\Documents\A;C:\Program Files\MongoDB\Server\8.0\bin;C:\Users\bihan\AppData\Local\Programs\Microsoft VS Code\bin;C:\Users\bihan\AppData\Local\Microsoft\WindowsApps;C:\Program Files\JetBrains\RubyMine 2024.3.4\bin;" "gcc -o conftest.exe -IC:/Ruby32/include/ruby-3.2.0/i386-mingw32 -IC:/Ruby32/include/ruby-3.2.0/ruby/backward -IC:/Ruby32/include/ruby-3.2.0 -I.  -DFD_SETSIZE=2048 -D_WIN32_WINNT=0x0600 -D__MINGW_USE_VC2005_COMPAT -D_FILE_OFFSET_BITS=64  -O3 -fno-fast-math -fstack-protector-strong conftest.c  -L. -LC:/Ruby32/lib -L. -pipe -s -fstack-protector-strong -Wl,--no-as-needed     -lmsvcrt-ruby320  -lshell32 -lws2_32 -liphlpapi -limagehlp -lshlwapi -lbcrypt  "
C:/Ruby32/msys32/mingw32/bin/../lib/gcc/i686-w64-mingw32/14.2.0/../../../../i686-w64-mingw32/bin/ld.exe: C:\Users\bihan\AppData\Local\Temp\ccFTRMYd.o:conftest.c:(.text+0x4): undefined reference to `_BitScanReverse64'
collect2.exe: error: ld returned 1 exit status
checked program was:
/* begin */
 1: #include "ruby.h"
 2: 
 3: #include <winsock2.h>
 4: #include <windows.h>
 5: #include <intrin.h>
 6: 
 7: /*top*/
 8: extern int t(void);
 9: int main(int argc, char **argv)
10: {
11:   if (argc > 1000000) {
12:     int (* volatile tp)(void)=(int (*)(void))&t;
13:     printf("%d", (*tp)());
14:   }
15: 
16:   return !!argv[argc];
17: }
18: extern void _BitScanReverse64();
19: int t(void) { _BitScanReverse64(); return 0; }
/* end */

--------------------

have_func: checking for labs() in stdlib.h... -------------------- yes

PATH=".;C:/Ruby32/lib;C:\Ruby32\bin;C:\Ruby32\msys32\mingw32\bin;C:\Ruby32\msys32\usr\bin;C:\Python310\Scripts\;C:\Python310\;C:\Program Files\Common Files\Oracle\Java\javapath;C:\WINDOWS\system32;C:\WINDOWS;C:\WINDOWS\System32\Wbem;C:\WINDOWS\System32\WindowsPowerShell\v1.0\;C:\WINDOWS\System32\OpenSSH\;C:\Program Files\Java\jdk-17.0.1\bin\;C:\Program Files\dotnet\;C:\ProgramData\chocolatey\bin;D:\Frontend\React\nodejs\;C:\Program Files\MongoDB\Server\6.0\bin;C:\mongosh-1.8.0-win32-x64\mongosh-1.8.0-win32-x64\bin;C:\Program Files\PuTTY\;C:\Program Files\Git\cmd;C:\Program Files\Docker\Docker\resources\bin;C:\Program Files\MySQL\MySQL Server 5.7\bin;C:\Ruby32\bin;C:\Ruby32-x64\bin;C:\Ruby34-x64\bin;C:\Python310\Scripts\;C:\Python310\;C:\Program Files\Common Files\Oracle\Java\javapath;C:\WINDOWS\system32;C:\WINDOWS;C:\WINDOWS\System32\Wbem;C:\WINDOWS\System32\WindowsPowerShell\v1.0\;C:\WINDOWS\System32\OpenSSH\;C:\Program Files\Java\jdk-17.0.1\bin\;C:\Program Files\dotnet\;C:\ProgramData\chocolatey\bin;D:\Frontend\React\nodejs\;C:\Program Files\MongoDB\Server\6.0\bin;C:\mongosh-1.8.0-win32-x64\mongosh-1.8.0-win32-x64\bin;C:\Program Files\Docker\Docker\resources\bin;C:\Program Files\PuTTY\;C:\Program Files\Git\cmd;C:\Users\bihan\OneDrive\Documents\Anaconda;C:\Users\bihan\OneDrive\Documents\Anaconda\Library\mingw-w64\bin;C:\Users\bihan\OneDrive\Documents\Anaconda\Library\usr\bin;C:\Users\bihan\OneDrive\Documents\Anaconda\Library\bin;C:\Users\bihan\OneDrive\Documents\A;C:\Program Files\MongoDB\Server\8.0\bin;C:\Users\bihan\AppData\Local\Programs\Microsoft VS Code\bin;C:\Users\bihan\AppData\Local\Microsoft\WindowsApps;C:\Program Files\JetBrains\RubyMine 2024.3.4\bin;" "gcc -o conftest.exe -IC:/Ruby32/include/ruby-3.2.0/i386-mingw32 -IC:/Ruby32/include/ruby-3.2.0/ruby/backward -IC:/Ruby32/include/ruby-3.2.0 -I.  -DFD_SETSIZE=2048 -D_WIN32_WINNT=0x0600 -D__MINGW_USE_VC2005_COMPAT -D_FILE_OFFSET_BITS=64  -O3 -fno-fast-math -fstack-protector-strong conftest.c  -L. -LC:/Ruby32/lib -L. -pipe -s -fstack-protector-strong -Wl,--no-as-needed     -lmsvcrt-ruby320  -lshell32 -lws2_32 -liphlpapi -limagehlp -lshlwapi -lbcrypt  "
checked program was:
/* begin */
 1: #include "ruby.h"
 2: 
 3: #include <winsock2.h>
 4: #include <windows.h>
 5: #include <stdlib.h>
 6: 
 7: /*top*/
 8: extern int t(void);
 9: int main(int argc, char **argv)
10: {
11:   if (argc > 1000000) {
12:     int (* volatile tp)(void)=(int (*)(void))&t;
13:     printf("%d", (*tp)());
14:   }
15: 
16:   return !!argv[argc];
17: }
18: int t(void) { void ((*volatile p)()); p = (void ((*)()))labs; return !p; }
/* end */

--------------------

have_func: checking for llabs() in stdlib.h... -------------------- yes

PATH=".;C:/Ruby32/lib;C:\Ruby32\bin;C:\Ruby32\msys32\mingw32\bin;C:\Ruby32\msys32\usr\bin;C:\Python310\Scripts\;C:\Python310\;C:\Program Files\Common Files\Oracle\Java\javapath;C:\WINDOWS\system32;C:\WINDOWS;C:\WINDOWS\System32\Wbem;C:\WINDOWS\System32\WindowsPowerShell\v1.0\;C:\WINDOWS\System32\OpenSSH\;C:\Program Files\Java\jdk-17.0.1\bin\;C:\Program Files\dotnet\;C:\ProgramData\chocolatey\bin;D:\Frontend\React\nodejs\;C:\Program Files\MongoDB\Server\6.0\bin;C:\mongosh-1.8.0-win32-x64\mongosh-1.8.0-win32-x64\bin;C:\Program Files\PuTTY\;C:\Program Files\Git\cmd;C:\Program Files\Docker\Docker\resources\bin;C:\Program Files\MySQL\MySQL Server 5.7\bin;C:\Ruby32\bin;C:\Ruby32-x64\bin;C:\Ruby34-x64\bin;C:\Python310\Scripts\;C:\Python310\;C:\Program Files\Common Files\Oracle\Java\javapath;C:\WINDOWS\system32;C:\WINDOWS;C:\WINDOWS\System32\Wbem;C:\WINDOWS\System32\WindowsPowerShell\v1.0\;C:\WINDOWS\System32\OpenSSH\;C:\Program Files\Java\jdk-17.0.1\bin\;C:\Program Files\dotnet\;C:\ProgramData\chocolatey\bin;D:\Frontend\React\nodejs\;C:\Program Files\MongoDB\Server\6.0\bin;C:\mongosh-1.8.0-win32-x64\mongosh-1.8.0-win32-x64\bin;C:\Program Files\Docker\Docker\resources\bin;C:\Program Files\PuTTY\;C:\Program Files\Git\cmd;C:\Users\bihan\OneDrive\Documents\Anaconda;C:\Users\bihan\OneDrive\Documents\Anaconda\Library\mingw-w64\bin;C:\Users\bihan\OneDrive\Documents\Anaconda\Library\usr\bin;C:\Users\bihan\OneDrive\Documents\Anaconda\Library\bin;C:\Users\bihan\OneDrive\Documents\A;C:\Program Files\MongoDB\Server\8.0\bin;C:\Users\bihan\AppData\Local\Programs\Microsoft VS Code\bin;C:\Users\bihan\AppData\Local\Microsoft\WindowsApps;C:\Program Files\JetBrains\RubyMine 2024.3.4\bin;" "gcc -o conftest.exe -IC:/Ruby32/include/ruby-3.2.0/i386-mingw32 -IC:/Ruby32/include/ruby-3.2.0/ruby/backward -IC:/Ruby32/include/ruby-3.2.0 -I.  -DFD_SETSIZE=2048 -D_WIN32_WINNT=0x0600 -D__MINGW_USE_VC2005_COMPAT -D_FILE_OFFSET_BITS=64  -O3 -fno-fast-math -fstack-protector-strong conftest.c  -L. -LC:/Ruby32/lib -L. -pipe -s -fstack-protector-strong -Wl,--no-as-needed     -lmsvcrt-ruby320  -lshell32 -lws2_32 -liphlpapi -limagehlp -lshlwapi -lbcrypt  "
checked program was:
/* begin */
 1: #include "ruby.h"
 2: 
 3: #include <winsock2.h>
 4: #include <windows.h>
 5: #include <stdlib.h>
 6: 
 7: /*top*/
 8: extern int t(void);
 9: int main(int argc, char **argv)
10: {
11:   if (argc > 1000000) {
12:     int (* volatile tp)(void)=(int (*)(void))&t;
13:     printf("%d", (*tp)());
14:   }
15: 
16:   return !!argv[argc];
17: }
18: int t(void) { void ((*volatile p)()); p = (void ((*)()))llabs; return !p; }
/* end */

--------------------

have_func: checking for finite() in math.h... -------------------- yes

PATH=".;C:/Ruby32/lib;C:\Ruby32\bin;C:\Ruby32\msys32\mingw32\bin;C:\Ruby32\msys32\usr\bin;C:\Python310\Scripts\;C:\Python310\;C:\Program Files\Common Files\Oracle\Java\javapath;C:\WINDOWS\system32;C:\WINDOWS;C:\WINDOWS\System32\Wbem;C:\WINDOWS\System32\WindowsPowerShell\v1.0\;C:\WINDOWS\System32\OpenSSH\;C:\Program Files\Java\jdk-17.0.1\bin\;C:\Program Files\dotnet\;C:\ProgramData\chocolatey\bin;D:\Frontend\React\nodejs\;C:\Program Files\MongoDB\Server\6.0\bin;C:\mongosh-1.8.0-win32-x64\mongosh-1.8.0-win32-x64\bin;C:\Program Files\PuTTY\;C:\Program Files\Git\cmd;C:\Program Files\Docker\Docker\resources\bin;C:\Program Files\MySQL\MySQL Server 5.7\bin;C:\Ruby32\bin;C:\Ruby32-x64\bin;C:\Ruby34-x64\bin;C:\Python310\Scripts\;C:\Python310\;C:\Program Files\Common Files\Oracle\Java\javapath;C:\WINDOWS\system32;C:\WINDOWS;C:\WINDOWS\System32\Wbem;C:\WINDOWS\System32\WindowsPowerShell\v1.0\;C:\WINDOWS\System32\OpenSSH\;C:\Program Files\Java\jdk-17.0.1\bin\;C:\Program Files\dotnet\;C:\ProgramData\chocolatey\bin;D:\Frontend\React\nodejs\;C:\Program Files\MongoDB\Server\6.0\bin;C:\mongosh-1.8.0-win32-x64\mongosh-1.8.0-win32-x64\bin;C:\Program Files\Docker\Docker\resources\bin;C:\Program Files\PuTTY\;C:\Program Files\Git\cmd;C:\Users\bihan\OneDrive\Documents\Anaconda;C:\Users\bihan\OneDrive\Documents\Anaconda\Library\mingw-w64\bin;C:\Users\bihan\OneDrive\Documents\Anaconda\Library\usr\bin;C:\Users\bihan\OneDrive\Documents\Anaconda\Library\bin;C:\Users\bihan\OneDrive\Documents\A;C:\Program Files\MongoDB\Server\8.0\bin;C:\Users\bihan\AppData\Local\Programs\Microsoft VS Code\bin;C:\Users\bihan\AppData\Local\Microsoft\WindowsApps;C:\Program Files\JetBrains\RubyMine 2024.3.4\bin;" "gcc -o conftest.exe -IC:/Ruby32/include/ruby-3.2.0/i386-mingw32 -IC:/Ruby32/include/ruby-3.2.0/ruby/backward -IC:/Ruby32/include/ruby-3.2.0 -I.  -DFD_SETSIZE=2048 -D_WIN32_WINNT=0x0600 -D__MINGW_USE_VC2005_COMPAT -D_FILE_OFFSET_BITS=64  -O3 -fno-fast-math -fstack-protector-strong conftest.c  -L. -LC:/Ruby32/lib -L. -pipe -s -fstack-protector-strong -Wl,--no-as-needed     -lmsvcrt-ruby320  -lshell32 -lws2_32 -liphlpapi -limagehlp -lshlwapi -lbcrypt  "
checked program was:
/* begin */
 1: #include "ruby.h"
 2: 
 3: #include <winsock2.h>
 4: #include <windows.h>
 5: #include <math.h>
 6: 
 7: /*top*/
 8: extern int t(void);
 9: int main(int argc, char **argv)
10: {
11:   if (argc > 1000000) {
12:     int (* volatile tp)(void)=(int (*)(void))&t;
13:     printf("%d", (*tp)());
14:   }
15: 
16:   return !!argv[argc];
17: }
18: int t(void) { void ((*volatile p)()); p = (void ((*)()))finite; return !p; }
/* end */

--------------------

have_func: checking for isfinite() in math.h... -------------------- no

PATH=".;C:/Ruby32/lib;C:\Ruby32\bin;C:\Ruby32\msys32\mingw32\bin;C:\Ruby32\msys32\usr\bin;C:\Python310\Scripts\;C:\Python310\;C:\Program Files\Common Files\Oracle\Java\javapath;C:\WINDOWS\system32;C:\WINDOWS;C:\WINDOWS\System32\Wbem;C:\WINDOWS\System32\WindowsPowerShell\v1.0\;C:\WINDOWS\System32\OpenSSH\;C:\Program Files\Java\jdk-17.0.1\bin\;C:\Program Files\dotnet\;C:\ProgramData\chocolatey\bin;D:\Frontend\React\nodejs\;C:\Program Files\MongoDB\Server\6.0\bin;C:\mongosh-1.8.0-win32-x64\mongosh-1.8.0-win32-x64\bin;C:\Program Files\PuTTY\;C:\Program Files\Git\cmd;C:\Program Files\Docker\Docker\resources\bin;C:\Program Files\MySQL\MySQL Server 5.7\bin;C:\Ruby32\bin;C:\Ruby32-x64\bin;C:\Ruby34-x64\bin;C:\Python310\Scripts\;C:\Python310\;C:\Program Files\Common Files\Oracle\Java\javapath;C:\WINDOWS\system32;C:\WINDOWS;C:\WINDOWS\System32\Wbem;C:\WINDOWS\System32\WindowsPowerShell\v1.0\;C:\WINDOWS\System32\OpenSSH\;C:\Program Files\Java\jdk-17.0.1\bin\;C:\Program Files\dotnet\;C:\ProgramData\chocolatey\bin;D:\Frontend\React\nodejs\;C:\Program Files\MongoDB\Server\6.0\bin;C:\mongosh-1.8.0-win32-x64\mongosh-1.8.0-win32-x64\bin;C:\Program Files\Docker\Docker\resources\bin;C:\Program Files\PuTTY\;C:\Program Files\Git\cmd;C:\Users\bihan\OneDrive\Documents\Anaconda;C:\Users\bihan\OneDrive\Documents\Anaconda\Library\mingw-w64\bin;C:\Users\bihan\OneDrive\Documents\Anaconda\Library\usr\bin;C:\Users\bihan\OneDrive\Documents\Anaconda\Library\bin;C:\Users\bihan\OneDrive\Documents\A;C:\Program Files\MongoDB\Server\8.0\bin;C:\Users\bihan\AppData\Local\Programs\Microsoft VS Code\bin;C:\Users\bihan\AppData\Local\Microsoft\WindowsApps;C:\Program Files\JetBrains\RubyMine 2024.3.4\bin;" "gcc -o conftest.exe -IC:/Ruby32/include/ruby-3.2.0/i386-mingw32 -IC:/Ruby32/include/ruby-3.2.0/ruby/backward -IC:/Ruby32/include/ruby-3.2.0 -I.  -DFD_SETSIZE=2048 -D_WIN32_WINNT=0x0600 -D__MINGW_USE_VC2005_COMPAT -D_FILE_OFFSET_BITS=64  -O3 -fno-fast-math -fstack-protector-strong conftest.c  -L. -LC:/Ruby32/lib -L. -pipe -s -fstack-protector-strong -Wl,--no-as-needed     -lmsvcrt-ruby320  -lshell32 -lws2_32 -liphlpapi -limagehlp -lshlwapi -lbcrypt  "
conftest.c: In function 't':
conftest.c:18:57: error: 'isfinite' undeclared (first use in this function); did you mean 'finite'?
   18 | int t(void) { void ((*volatile p)()); p = (void ((*)()))isfinite; return !p; }
      |                                                         ^~~~~~~~
      |                                                         finite
conftest.c:18:57: note: each undeclared identifier is reported only once for each function it appears in
checked program was:
/* begin */
 1: #include "ruby.h"
 2: 
 3: #include <winsock2.h>
 4: #include <windows.h>
 5: #include <math.h>
 6: 
 7: /*top*/
 8: extern int t(void);
 9: int main(int argc, char **argv)
10: {
11:   if (argc > 1000000) {
12:     int (* volatile tp)(void)=(int (*)(void))&t;
13:     printf("%d", (*tp)());
14:   }
15: 
16:   return !!argv[argc];
17: }
18: int t(void) { void ((*volatile p)()); p = (void ((*)()))isfinite; return !p; }
/* end */

PATH=".;C:/Ruby32/lib;C:\Ruby32\bin;C:\Ruby32\msys32\mingw32\bin;C:\Ruby32\msys32\usr\bin;C:\Python310\Scripts\;C:\Python310\;C:\Program Files\Common Files\Oracle\Java\javapath;C:\WINDOWS\system32;C:\WINDOWS;C:\WINDOWS\System32\Wbem;C:\WINDOWS\System32\WindowsPowerShell\v1.0\;C:\WINDOWS\System32\OpenSSH\;C:\Program Files\Java\jdk-17.0.1\bin\;C:\Program Files\dotnet\;C:\ProgramData\chocolatey\bin;D:\Frontend\React\nodejs\;C:\Program Files\MongoDB\Server\6.0\bin;C:\mongosh-1.8.0-win32-x64\mongosh-1.8.0-win32-x64\bin;C:\Program Files\PuTTY\;C:\Program Files\Git\cmd;C:\Program Files\Docker\Docker\resources\bin;C:\Program Files\MySQL\MySQL Server 5.7\bin;C:\Ruby32\bin;C:\Ruby32-x64\bin;C:\Ruby34-x64\bin;C:\Python310\Scripts\;C:\Python310\;C:\Program Files\Common Files\Oracle\Java\javapath;C:\WINDOWS\system32;C:\WINDOWS;C:\WINDOWS\System32\Wbem;C:\WINDOWS\System32\WindowsPowerShell\v1.0\;C:\WINDOWS\System32\OpenSSH\;C:\Program Files\Java\jdk-17.0.1\bin\;C:\Program Files\dotnet\;C:\ProgramData\chocolatey\bin;D:\Frontend\React\nodejs\;C:\Program Files\MongoDB\Server\6.0\bin;C:\mongosh-1.8.0-win32-x64\mongosh-1.8.0-win32-x64\bin;C:\Program Files\Docker\Docker\resources\bin;C:\Program Files\PuTTY\;C:\Program Files\Git\cmd;C:\Users\bihan\OneDrive\Documents\Anaconda;C:\Users\bihan\OneDrive\Documents\Anaconda\Library\mingw-w64\bin;C:\Users\bihan\OneDrive\Documents\Anaconda\Library\usr\bin;C:\Users\bihan\OneDrive\Documents\Anaconda\Library\bin;C:\Users\bihan\OneDrive\Documents\A;C:\Program Files\MongoDB\Server\8.0\bin;C:\Users\bihan\AppData\Local\Programs\Microsoft VS Code\bin;C:\Users\bihan\AppData\Local\Microsoft\WindowsApps;C:\Program Files\JetBrains\RubyMine 2024.3.4\bin;" "gcc -o conftest.exe -IC:/Ruby32/include/ruby-3.2.0/i386-mingw32 -IC:/Ruby32/include/ruby-3.2.0/ruby/backward -IC:/Ruby32/include/ruby-3.2.0 -I.  -DFD_SETSIZE=2048 -D_WIN32_WINNT=0x0600 -D__MINGW_USE_VC2005_COMPAT -D_FILE_OFFSET_BITS=64  -O3 -fno-fast-math -fstack-protector-strong conftest.c  -L. -LC:/Ruby32/lib -L. -pipe -s -fstack-protector-strong -Wl,--no-as-needed     -lmsvcrt-ruby320  -lshell32 -lws2_32 -liphlpapi -limagehlp -lshlwapi -lbcrypt  "
In file included from C:/Ruby32/include/ruby-3.2.0/ruby/win32.h:64,
                 from C:/Ruby32/include/ruby-3.2.0/ruby/internal/dosish.h:38,
                 from C:/Ruby32/include/ruby-3.2.0/ruby/defines.h:78,
                 from C:/Ruby32/include/ruby-3.2.0/ruby/ruby.h:25,
                 from C:/Ruby32/include/ruby-3.2.0/ruby.h:38,
                 from conftest.c:1:
conftest.c:18:13: error: expected identifier or '(' before '__builtin_choose_expr'
   18 | extern void isfinite();
      |             ^~~~~~~~
conftest.c:18:13: error: expected ')' before '==' token
   18 | extern void isfinite();
      |             ^~~~~~~~
conftest.c: In function 't':
conftest.c:19:15: error: expected expression before ')' token
   19 | int t(void) { isfinite(); return 0; }
      |               ^~~~~~~~
conftest.c:19:15: error: too few arguments to function '__fpclassify'
   19 | int t(void) { isfinite(); return 0; }
      |               ^~~~~~~~
C:/Ruby32/msys32/mingw32/include/math.h:425:28: note: declared here
  425 |   __CRT_INLINE int __cdecl __fpclassify (double x) {
      |                            ^~~~~~~~~~~~
conftest.c:19:15: error: too few arguments to function '__fpclassifyf'
   19 | int t(void) { isfinite(); return 0; }
      |               ^~~~~~~~
C:/Ruby32/msys32/mingw32/include/math.h:447:28: note: declared here
  447 |   __CRT_INLINE int __cdecl __fpclassifyf (float x) {
      |                            ^~~~~~~~~~~~~
conftest.c:19:15: error: too few arguments to function '__fpclassifyl'
   19 | int t(void) { isfinite(); return 0; }
      |               ^~~~~~~~
C:/Ruby32/msys32/mingw32/include/math.h:399:28: note: declared here
  399 |   __CRT_INLINE int __cdecl __fpclassifyl (long double x) {
      |                            ^~~~~~~~~~~~~
conftest.c:19:15: error: first argument to '__builtin_choose_expr' not a constant
   19 | int t(void) { isfinite(); return 0; }
      |               ^~~~~~~~
conftest.c:19:15: error: first argument to '__builtin_choose_expr' not a constant
   19 | int t(void) { isfinite(); return 0; }
      |               ^~~~~~~~
conftest.c:19:15: error: first argument to '__builtin_choose_expr' not a constant
   19 | int t(void) { isfinite(); return 0; }
      |               ^~~~~~~~
checked program was:
/* begin */
 1: #include "ruby.h"
 2: 
 3: #include <winsock2.h>
 4: #include <windows.h>
 5: #include <math.h>
 6: 
 7: /*top*/
 8: extern int t(void);
 9: int main(int argc, char **argv)
10: {
11:   if (argc > 1000000) {
12:     int (* volatile tp)(void)=(int (*)(void))&t;
13:     printf("%d", (*tp)());
14:   }
15: 
16:   return !!argv[argc];
17: }
18: extern void isfinite();
19: int t(void) { isfinite(); return 0; }
/* end */

--------------------

have_header: checking for ruby/atomic.h... -------------------- yes

PATH=".;C:/Ruby32/lib;C:\Ruby32\bin;C:\Ruby32\msys32\mingw32\bin;C:\Ruby32\msys32\usr\bin;C:\Python310\Scripts\;C:\Python310\;C:\Program Files\Common Files\Oracle\Java\javapath;C:\WINDOWS\system32;C:\WINDOWS;C:\WINDOWS\System32\Wbem;C:\WINDOWS\System32\WindowsPowerShell\v1.0\;C:\WINDOWS\System32\OpenSSH\;C:\Program Files\Java\jdk-17.0.1\bin\;C:\Program Files\dotnet\;C:\ProgramData\chocolatey\bin;D:\Frontend\React\nodejs\;C:\Program Files\MongoDB\Server\6.0\bin;C:\mongosh-1.8.0-win32-x64\mongosh-1.8.0-win32-x64\bin;C:\Program Files\PuTTY\;C:\Program Files\Git\cmd;C:\Program Files\Docker\Docker\resources\bin;C:\Program Files\MySQL\MySQL Server 5.7\bin;C:\Ruby32\bin;C:\Ruby32-x64\bin;C:\Ruby34-x64\bin;C:\Python310\Scripts\;C:\Python310\;C:\Program Files\Common Files\Oracle\Java\javapath;C:\WINDOWS\system32;C:\WINDOWS;C:\WINDOWS\System32\Wbem;C:\WINDOWS\System32\WindowsPowerShell\v1.0\;C:\WINDOWS\System32\OpenSSH\;C:\Program Files\Java\jdk-17.0.1\bin\;C:\Program Files\dotnet\;C:\ProgramData\chocolatey\bin;D:\Frontend\React\nodejs\;C:\Program Files\MongoDB\Server\6.0\bin;C:\mongosh-1.8.0-win32-x64\mongosh-1.8.0-win32-x64\bin;C:\Program Files\Docker\Docker\resources\bin;C:\Program Files\PuTTY\;C:\Program Files\Git\cmd;C:\Users\bihan\OneDrive\Documents\Anaconda;C:\Users\bihan\OneDrive\Documents\Anaconda\Library\mingw-w64\bin;C:\Users\bihan\OneDrive\Documents\Anaconda\Library\usr\bin;C:\Users\bihan\OneDrive\Documents\Anaconda\Library\bin;C:\Users\bihan\OneDrive\Documents\A;C:\Program Files\MongoDB\Server\8.0\bin;C:\Users\bihan\AppData\Local\Programs\Microsoft VS Code\bin;C:\Users\bihan\AppData\Local\Microsoft\WindowsApps;C:\Program Files\JetBrains\RubyMine 2024.3.4\bin;" "gcc -IC:/Ruby32/include/ruby-3.2.0/i386-mingw32 -IC:/Ruby32/include/ruby-3.2.0/ruby/backward -IC:/Ruby32/include/ruby-3.2.0 -I.  -DFD_SETSIZE=2048 -D_WIN32_WINNT=0x0600 -D__MINGW_USE_VC2005_COMPAT -D_FILE_OFFSET_BITS=64  -O3 -fno-fast-math -fstack-protector-strong   -c conftest.c"
checked program was:
/* begin */
1: #include "ruby.h"
2: 
3: #include <winsock2.h>
4: #include <windows.h>
5: #include <ruby/atomic.h>
/* end */

--------------------

have_header: checking for ruby/internal/has/builtin.h... -------------------- yes

PATH=".;C:/Ruby32/lib;C:\Ruby32\bin;C:\Ruby32\msys32\mingw32\bin;C:\Ruby32\msys32\usr\bin;C:\Python310\Scripts\;C:\Python310\;C:\Program Files\Common Files\Oracle\Java\javapath;C:\WINDOWS\system32;C:\WINDOWS;C:\WINDOWS\System32\Wbem;C:\WINDOWS\System32\WindowsPowerShell\v1.0\;C:\WINDOWS\System32\OpenSSH\;C:\Program Files\Java\jdk-17.0.1\bin\;C:\Program Files\dotnet\;C:\ProgramData\chocolatey\bin;D:\Frontend\React\nodejs\;C:\Program Files\MongoDB\Server\6.0\bin;C:\mongosh-1.8.0-win32-x64\mongosh-1.8.0-win32-x64\bin;C:\Program Files\PuTTY\;C:\Program Files\Git\cmd;C:\Program Files\Docker\Docker\resources\bin;C:\Program Files\MySQL\MySQL Server 5.7\bin;C:\Ruby32\bin;C:\Ruby32-x64\bin;C:\Ruby34-x64\bin;C:\Python310\Scripts\;C:\Python310\;C:\Program Files\Common Files\Oracle\Java\javapath;C:\WINDOWS\system32;C:\WINDOWS;C:\WINDOWS\System32\Wbem;C:\WINDOWS\System32\WindowsPowerShell\v1.0\;C:\WINDOWS\System32\OpenSSH\;C:\Program Files\Java\jdk-17.0.1\bin\;C:\Program Files\dotnet\;C:\ProgramData\chocolatey\bin;D:\Frontend\React\nodejs\;C:\Program Files\MongoDB\Server\6.0\bin;C:\mongosh-1.8.0-win32-x64\mongosh-1.8.0-win32-x64\bin;C:\Program Files\Docker\Docker\resources\bin;C:\Program Files\PuTTY\;C:\Program Files\Git\cmd;C:\Users\bihan\OneDrive\Documents\Anaconda;C:\Users\bihan\OneDrive\Documents\Anaconda\Library\mingw-w64\bin;C:\Users\bihan\OneDrive\Documents\Anaconda\Library\usr\bin;C:\Users\bihan\OneDrive\Documents\Anaconda\Library\bin;C:\Users\bihan\OneDrive\Documents\A;C:\Program Files\MongoDB\Server\8.0\bin;C:\Users\bihan\AppData\Local\Programs\Microsoft VS Code\bin;C:\Users\bihan\AppData\Local\Microsoft\WindowsApps;C:\Program Files\JetBrains\RubyMine 2024.3.4\bin;" "gcc -IC:/Ruby32/include/ruby-3.2.0/i386-mingw32 -IC:/Ruby32/include/ruby-3.2.0/ruby/backward -IC:/Ruby32/include/ruby-3.2.0 -I.  -DFD_SETSIZE=2048 -D_WIN32_WINNT=0x0600 -D__MINGW_USE_VC2005_COMPAT -D_FILE_OFFSET_BITS=64  -O3 -fno-fast-math -fstack-protector-strong   -c conftest.c"
checked program was:
/* begin */
1: #include "ruby.h"
2: 
3: #include <winsock2.h>
4: #include <windows.h>
5: #include <ruby/internal/has/builtin.h>
/* end */

--------------------

have_header: checking for ruby/internal/static_assert.h... -------------------- yes

PATH=".;C:/Ruby32/lib;C:\Ruby32\bin;C:\Ruby32\msys32\mingw32\bin;C:\Ruby32\msys32\usr\bin;C:\Python310\Scripts\;C:\Python310\;C:\Program Files\Common Files\Oracle\Java\javapath;C:\WINDOWS\system32;C:\WINDOWS;C:\WINDOWS\System32\Wbem;C:\WINDOWS\System32\WindowsPowerShell\v1.0\;C:\WINDOWS\System32\OpenSSH\;C:\Program Files\Java\jdk-17.0.1\bin\;C:\Program Files\dotnet\;C:\ProgramData\chocolatey\bin;D:\Frontend\React\nodejs\;C:\Program Files\MongoDB\Server\6.0\bin;C:\mongosh-1.8.0-win32-x64\mongosh-1.8.0-win32-x64\bin;C:\Program Files\PuTTY\;C:\Program Files\Git\cmd;C:\Program Files\Docker\Docker\resources\bin;C:\Program Files\MySQL\MySQL Server 5.7\bin;C:\Ruby32\bin;C:\Ruby32-x64\bin;C:\Ruby34-x64\bin;C:\Python310\Scripts\;C:\Python310\;C:\Program Files\Common Files\Oracle\Java\javapath;C:\WINDOWS\system32;C:\WINDOWS;C:\WINDOWS\System32\Wbem;C:\WINDOWS\System32\WindowsPowerShell\v1.0\;C:\WINDOWS\System32\OpenSSH\;C:\Program Files\Java\jdk-17.0.1\bin\;C:\Program Files\dotnet\;C:\ProgramData\chocolatey\bin;D:\Frontend\React\nodejs\;C:\Program Files\MongoDB\Server\6.0\bin;C:\mongosh-1.8.0-win32-x64\mongosh-1.8.0-win32-x64\bin;C:\Program Files\Docker\Docker\resources\bin;C:\Program Files\PuTTY\;C:\Program Files\Git\cmd;C:\Users\bihan\OneDrive\Documents\Anaconda;C:\Users\bihan\OneDrive\Documents\Anaconda\Library\mingw-w64\bin;C:\Users\bihan\OneDrive\Documents\Anaconda\Library\usr\bin;C:\Users\bihan\OneDrive\Documents\Anaconda\Library\bin;C:\Users\bihan\OneDrive\Documents\A;C:\Program Files\MongoDB\Server\8.0\bin;C:\Users\bihan\AppData\Local\Programs\Microsoft VS Code\bin;C:\Users\bihan\AppData\Local\Microsoft\WindowsApps;C:\Program Files\JetBrains\RubyMine 2024.3.4\bin;" "gcc -IC:/Ruby32/include/ruby-3.2.0/i386-mingw32 -IC:/Ruby32/include/ruby-3.2.0/ruby/backward -IC:/Ruby32/include/ruby-3.2.0 -I.  -DFD_SETSIZE=2048 -D_WIN32_WINNT=0x0600 -D__MINGW_USE_VC2005_COMPAT -D_FILE_OFFSET_BITS=64  -O3 -fno-fast-math -fstack-protector-strong   -c conftest.c"
checked program was:
/* begin */
1: #include "ruby.h"
2: 
3: #include <winsock2.h>
4: #include <windows.h>
5: #include <ruby/internal/static_assert.h>
/* end */

--------------------

have_func: checking for rb_rational_num() in ruby.h... -------------------- yes

PATH=".;C:/Ruby32/lib;C:\Ruby32\bin;C:\Ruby32\msys32\mingw32\bin;C:\Ruby32\msys32\usr\bin;C:\Python310\Scripts\;C:\Python310\;C:\Program Files\Common Files\Oracle\Java\javapath;C:\WINDOWS\system32;C:\WINDOWS;C:\WINDOWS\System32\Wbem;C:\WINDOWS\System32\WindowsPowerShell\v1.0\;C:\WINDOWS\System32\OpenSSH\;C:\Program Files\Java\jdk-17.0.1\bin\;C:\Program Files\dotnet\;C:\ProgramData\chocolatey\bin;D:\Frontend\React\nodejs\;C:\Program Files\MongoDB\Server\6.0\bin;C:\mongosh-1.8.0-win32-x64\mongosh-1.8.0-win32-x64\bin;C:\Program Files\PuTTY\;C:\Program Files\Git\cmd;C:\Program Files\Docker\Docker\resources\bin;C:\Program Files\MySQL\MySQL Server 5.7\bin;C:\Ruby32\bin;C:\Ruby32-x64\bin;C:\Ruby34-x64\bin;C:\Python310\Scripts\;C:\Python310\;C:\Program Files\Common Files\Oracle\Java\javapath;C:\WINDOWS\system32;C:\WINDOWS;C:\WINDOWS\System32\Wbem;C:\WINDOWS\System32\WindowsPowerShell\v1.0\;C:\WINDOWS\System32\OpenSSH\;C:\Program Files\Java\jdk-17.0.1\bin\;C:\Program Files\dotnet\;C:\ProgramData\chocolatey\bin;D:\Frontend\React\nodejs\;C:\Program Files\MongoDB\Server\6.0\bin;C:\mongosh-1.8.0-win32-x64\mongosh-1.8.0-win32-x64\bin;C:\Program Files\Docker\Docker\resources\bin;C:\Program Files\PuTTY\;C:\Program Files\Git\cmd;C:\Users\bihan\OneDrive\Documents\Anaconda;C:\Users\bihan\OneDrive\Documents\Anaconda\Library\mingw-w64\bin;C:\Users\bihan\OneDrive\Documents\Anaconda\Library\usr\bin;C:\Users\bihan\OneDrive\Documents\Anaconda\Library\bin;C:\Users\bihan\OneDrive\Documents\A;C:\Program Files\MongoDB\Server\8.0\bin;C:\Users\bihan\AppData\Local\Programs\Microsoft VS Code\bin;C:\Users\bihan\AppData\Local\Microsoft\WindowsApps;C:\Program Files\JetBrains\RubyMine 2024.3.4\bin;" "gcc -o conftest.exe -IC:/Ruby32/include/ruby-3.2.0/i386-mingw32 -IC:/Ruby32/include/ruby-3.2.0/ruby/backward -IC:/Ruby32/include/ruby-3.2.0 -I.  -DFD_SETSIZE=2048 -D_WIN32_WINNT=0x0600 -D__MINGW_USE_VC2005_COMPAT -D_FILE_OFFSET_BITS=64  -O3 -fno-fast-math -fstack-protector-strong conftest.c  -L. -LC:/Ruby32/lib -L. -pipe -s -fstack-protector-strong -Wl,--no-as-needed     -lmsvcrt-ruby320  -lshell32 -lws2_32 -liphlpapi -limagehlp -lshlwapi -lbcrypt  "
checked program was:
/* begin */
 1: #include "ruby.h"
 2: 
 3: #include <winsock2.h>
 4: #include <windows.h>
 5: #include <ruby.h>
 6: 
 7: /*top*/
 8: extern int t(void);
 9: int main(int argc, char **argv)
10: {
11:   if (argc > 1000000) {
12:     int (* volatile tp)(void)=(int (*)(void))&t;
13:     printf("%d", (*tp)());
14:   }
15: 
16:   return !!argv[argc];
17: }
18: int t(void) { void ((*volatile p)()); p = (void ((*)()))rb_rational_num; return !p; }
/* end */

--------------------

have_func: checking for rb_rational_den() in ruby.h... -------------------- yes

PATH=".;C:/Ruby32/lib;C:\Ruby32\bin;C:\Ruby32\msys32\mingw32\bin;C:\Ruby32\msys32\usr\bin;C:\Python310\Scripts\;C:\Python310\;C:\Program Files\Common Files\Oracle\Java\javapath;C:\WINDOWS\system32;C:\WINDOWS;C:\WINDOWS\System32\Wbem;C:\WINDOWS\System32\WindowsPowerShell\v1.0\;C:\WINDOWS\System32\OpenSSH\;C:\Program Files\Java\jdk-17.0.1\bin\;C:\Program Files\dotnet\;C:\ProgramData\chocolatey\bin;D:\Frontend\React\nodejs\;C:\Program Files\MongoDB\Server\6.0\bin;C:\mongosh-1.8.0-win32-x64\mongosh-1.8.0-win32-x64\bin;C:\Program Files\PuTTY\;C:\Program Files\Git\cmd;C:\Program Files\Docker\Docker\resources\bin;C:\Program Files\MySQL\MySQL Server 5.7\bin;C:\Ruby32\bin;C:\Ruby32-x64\bin;C:\Ruby34-x64\bin;C:\Python310\Scripts\;C:\Python310\;C:\Program Files\Common Files\Oracle\Java\javapath;C:\WINDOWS\system32;C:\WINDOWS;C:\WINDOWS\System32\Wbem;C:\WINDOWS\System32\WindowsPowerShell\v1.0\;C:\WINDOWS\System32\OpenSSH\;C:\Program Files\Java\jdk-17.0.1\bin\;C:\Program Files\dotnet\;C:\ProgramData\chocolatey\bin;D:\Frontend\React\nodejs\;C:\Program Files\MongoDB\Server\6.0\bin;C:\mongosh-1.8.0-win32-x64\mongosh-1.8.0-win32-x64\bin;C:\Program Files\Docker\Docker\resources\bin;C:\Program Files\PuTTY\;C:\Program Files\Git\cmd;C:\Users\bihan\OneDrive\Documents\Anaconda;C:\Users\bihan\OneDrive\Documents\Anaconda\Library\mingw-w64\bin;C:\Users\bihan\OneDrive\Documents\Anaconda\Library\usr\bin;C:\Users\bihan\OneDrive\Documents\Anaconda\Library\bin;C:\Users\bihan\OneDrive\Documents\A;C:\Program Files\MongoDB\Server\8.0\bin;C:\Users\bihan\AppData\Local\Programs\Microsoft VS Code\bin;C:\Users\bihan\AppData\Local\Microsoft\WindowsApps;C:\Program Files\JetBrains\RubyMine 2024.3.4\bin;" "gcc -o conftest.exe -IC:/Ruby32/include/ruby-3.2.0/i386-mingw32 -IC:/Ruby32/include/ruby-3.2.0/ruby/backward -IC:/Ruby32/include/ruby-3.2.0 -I.  -DFD_SETSIZE=2048 -D_WIN32_WINNT=0x0600 -D__MINGW_USE_VC2005_COMPAT -D_FILE_OFFSET_BITS=64  -O3 -fno-fast-math -fstack-protector-strong conftest.c  -L. -LC:/Ruby32/lib -L. -pipe -s -fstack-protector-strong -Wl,--no-as-needed     -lmsvcrt-ruby320  -lshell32 -lws2_32 -liphlpapi -limagehlp -lshlwapi -lbcrypt  "
checked program was:
/* begin */
 1: #include "ruby.h"
 2: 
 3: #include <winsock2.h>
 4: #include <windows.h>
 5: #include <ruby.h>
 6: 
 7: /*top*/
 8: extern int t(void);
 9: int main(int argc, char **argv)
10: {
11:   if (argc > 1000000) {
12:     int (* volatile tp)(void)=(int (*)(void))&t;
13:     printf("%d", (*tp)());
14:   }
15: 
16:   return !!argv[argc];
17: }
18: int t(void) { void ((*volatile p)()); p = (void ((*)()))rb_rational_den; return !p; }
/* end */

--------------------

have_func: checking for rb_complex_real() in ruby.h... -------------------- yes

PATH=".;C:/Ruby32/lib;C:\Ruby32\bin;C:\Ruby32\msys32\mingw32\bin;C:\Ruby32\msys32\usr\bin;C:\Python310\Scripts\;C:\Python310\;C:\Program Files\Common Files\Oracle\Java\javapath;C:\WINDOWS\system32;C:\WINDOWS;C:\WINDOWS\System32\Wbem;C:\WINDOWS\System32\WindowsPowerShell\v1.0\;C:\WINDOWS\System32\OpenSSH\;C:\Program Files\Java\jdk-17.0.1\bin\;C:\Program Files\dotnet\;C:\ProgramData\chocolatey\bin;D:\Frontend\React\nodejs\;C:\Program Files\MongoDB\Server\6.0\bin;C:\mongosh-1.8.0-win32-x64\mongosh-1.8.0-win32-x64\bin;C:\Program Files\PuTTY\;C:\Program Files\Git\cmd;C:\Program Files\Docker\Docker\resources\bin;C:\Program Files\MySQL\MySQL Server 5.7\bin;C:\Ruby32\bin;C:\Ruby32-x64\bin;C:\Ruby34-x64\bin;C:\Python310\Scripts\;C:\Python310\;C:\Program Files\Common Files\Oracle\Java\javapath;C:\WINDOWS\system32;C:\WINDOWS;C:\WINDOWS\System32\Wbem;C:\WINDOWS\System32\WindowsPowerShell\v1.0\;C:\WINDOWS\System32\OpenSSH\;C:\Program Files\Java\jdk-17.0.1\bin\;C:\Program Files\dotnet\;C:\ProgramData\chocolatey\bin;D:\Frontend\React\nodejs\;C:\Program Files\MongoDB\Server\6.0\bin;C:\mongosh-1.8.0-win32-x64\mongosh-1.8.0-win32-x64\bin;C:\Program Files\Docker\Docker\resources\bin;C:\Program Files\PuTTY\;C:\Program Files\Git\cmd;C:\Users\bihan\OneDrive\Documents\Anaconda;C:\Users\bihan\OneDrive\Documents\Anaconda\Library\mingw-w64\bin;C:\Users\bihan\OneDrive\Documents\Anaconda\Library\usr\bin;C:\Users\bihan\OneDrive\Documents\Anaconda\Library\bin;C:\Users\bihan\OneDrive\Documents\A;C:\Program Files\MongoDB\Server\8.0\bin;C:\Users\bihan\AppData\Local\Programs\Microsoft VS Code\bin;C:\Users\bihan\AppData\Local\Microsoft\WindowsApps;C:\Program Files\JetBrains\RubyMine 2024.3.4\bin;" "gcc -o conftest.exe -IC:/Ruby32/include/ruby-3.2.0/i386-mingw32 -IC:/Ruby32/include/ruby-3.2.0/ruby/backward -IC:/Ruby32/include/ruby-3.2.0 -I.  -DFD_SETSIZE=2048 -D_WIN32_WINNT=0x0600 -D__MINGW_USE_VC2005_COMPAT -D_FILE_OFFSET_BITS=64  -O3 -fno-fast-math -fstack-protector-strong conftest.c  -L. -LC:/Ruby32/lib -L. -pipe -s -fstack-protector-strong -Wl,--no-as-needed     -lmsvcrt-ruby320  -lshell32 -lws2_32 -liphlpapi -limagehlp -lshlwapi -lbcrypt  "
checked program was:
/* begin */
 1: #include "ruby.h"
 2: 
 3: #include <winsock2.h>
 4: #include <windows.h>
 5: #include <ruby.h>
 6: 
 7: /*top*/
 8: extern int t(void);
 9: int main(int argc, char **argv)
10: {
11:   if (argc > 1000000) {
12:     int (* volatile tp)(void)=(int (*)(void))&t;
13:     printf("%d", (*tp)());
14:   }
15: 
16:   return !!argv[argc];
17: }
18: int t(void) { void ((*volatile p)()); p = (void ((*)()))rb_complex_real; return !p; }
/* end */

--------------------

have_func: checking for rb_complex_imag() in ruby.h... -------------------- yes

PATH=".;C:/Ruby32/lib;C:\Ruby32\bin;C:\Ruby32\msys32\mingw32\bin;C:\Ruby32\msys32\usr\bin;C:\Python310\Scripts\;C:\Python310\;C:\Program Files\Common Files\Oracle\Java\javapath;C:\WINDOWS\system32;C:\WINDOWS;C:\WINDOWS\System32\Wbem;C:\WINDOWS\System32\WindowsPowerShell\v1.0\;C:\WINDOWS\System32\OpenSSH\;C:\Program Files\Java\jdk-17.0.1\bin\;C:\Program Files\dotnet\;C:\ProgramData\chocolatey\bin;D:\Frontend\React\nodejs\;C:\Program Files\MongoDB\Server\6.0\bin;C:\mongosh-1.8.0-win32-x64\mongosh-1.8.0-win32-x64\bin;C:\Program Files\PuTTY\;C:\Program Files\Git\cmd;C:\Program Files\Docker\Docker\resources\bin;C:\Program Files\MySQL\MySQL Server 5.7\bin;C:\Ruby32\bin;C:\Ruby32-x64\bin;C:\Ruby34-x64\bin;C:\Python310\Scripts\;C:\Python310\;C:\Program Files\Common Files\Oracle\Java\javapath;C:\WINDOWS\system32;C:\WINDOWS;C:\WINDOWS\System32\Wbem;C:\WINDOWS\System32\WindowsPowerShell\v1.0\;C:\WINDOWS\System32\OpenSSH\;C:\Program Files\Java\jdk-17.0.1\bin\;C:\Program Files\dotnet\;C:\ProgramData\chocolatey\bin;D:\Frontend\React\nodejs\;C:\Program Files\MongoDB\Server\6.0\bin;C:\mongosh-1.8.0-win32-x64\mongosh-1.8.0-win32-x64\bin;C:\Program Files\Docker\Docker\resources\bin;C:\Program Files\PuTTY\;C:\Program Files\Git\cmd;C:\Users\bihan\OneDrive\Documents\Anaconda;C:\Users\bihan\OneDrive\Documents\Anaconda\Library\mingw-w64\bin;C:\Users\bihan\OneDrive\Documents\Anaconda\Library\usr\bin;C:\Users\bihan\OneDrive\Documents\Anaconda\Library\bin;C:\Users\bihan\OneDrive\Documents\A;C:\Program Files\MongoDB\Server\8.0\bin;C:\Users\bihan\AppData\Local\Programs\Microsoft VS Code\bin;C:\Users\bihan\AppData\Local\Microsoft\WindowsApps;C:\Program Files\JetBrains\RubyMine 2024.3.4\bin;" "gcc -o conftest.exe -IC:/Ruby32/include/ruby-3.2.0/i386-mingw32 -IC:/Ruby32/include/ruby-3.2.0/ruby/backward -IC:/Ruby32/include/ruby-3.2.0 -I.  -DFD_SETSIZE=2048 -D_WIN32_WINNT=0x0600 -D__MINGW_USE_VC2005_COMPAT -D_FILE_OFFSET_BITS=64  -O3 -fno-fast-math -fstack-protector-strong conftest.c  -L. -LC:/Ruby32/lib -L. -pipe -s -fstack-protector-strong -Wl,--no-as-needed     -lmsvcrt-ruby320  -lshell32 -lws2_32 -liphlpapi -limagehlp -lshlwapi -lbcrypt  "
checked program was:
/* begin */
 1: #include "ruby.h"
 2: 
 3: #include <winsock2.h>
 4: #include <windows.h>
 5: #include <ruby.h>
 6: 
 7: /*top*/
 8: extern int t(void);
 9: int main(int argc, char **argv)
10: {
11:   if (argc > 1000000) {
12:     int (* volatile tp)(void)=(int (*)(void))&t;
13:     printf("%d", (*tp)());
14:   }
15: 
16:   return !!argv[argc];
17: }
18: int t(void) { void ((*volatile p)()); p = (void ((*)()))rb_complex_imag; return !p; }
/* end */

--------------------

have_func: checking for rb_opts_exception_p() in ruby.h... -------------------- yes

PATH=".;C:/Ruby32/lib;C:\Ruby32\bin;C:\Ruby32\msys32\mingw32\bin;C:\Ruby32\msys32\usr\bin;C:\Python310\Scripts\;C:\Python310\;C:\Program Files\Common Files\Oracle\Java\javapath;C:\WINDOWS\system32;C:\WINDOWS;C:\WINDOWS\System32\Wbem;C:\WINDOWS\System32\WindowsPowerShell\v1.0\;C:\WINDOWS\System32\OpenSSH\;C:\Program Files\Java\jdk-17.0.1\bin\;C:\Program Files\dotnet\;C:\ProgramData\chocolatey\bin;D:\Frontend\React\nodejs\;C:\Program Files\MongoDB\Server\6.0\bin;C:\mongosh-1.8.0-win32-x64\mongosh-1.8.0-win32-x64\bin;C:\Program Files\PuTTY\;C:\Program Files\Git\cmd;C:\Program Files\Docker\Docker\resources\bin;C:\Program Files\MySQL\MySQL Server 5.7\bin;C:\Ruby32\bin;C:\Ruby32-x64\bin;C:\Ruby34-x64\bin;C:\Python310\Scripts\;C:\Python310\;C:\Program Files\Common Files\Oracle\Java\javapath;C:\WINDOWS\system32;C:\WINDOWS;C:\WINDOWS\System32\Wbem;C:\WINDOWS\System32\WindowsPowerShell\v1.0\;C:\WINDOWS\System32\OpenSSH\;C:\Program Files\Java\jdk-17.0.1\bin\;C:\Program Files\dotnet\;C:\ProgramData\chocolatey\bin;D:\Frontend\React\nodejs\;C:\Program Files\MongoDB\Server\6.0\bin;C:\mongosh-1.8.0-win32-x64\mongosh-1.8.0-win32-x64\bin;C:\Program Files\Docker\Docker\resources\bin;C:\Program Files\PuTTY\;C:\Program Files\Git\cmd;C:\Users\bihan\OneDrive\Documents\Anaconda;C:\Users\bihan\OneDrive\Documents\Anaconda\Library\mingw-w64\bin;C:\Users\bihan\OneDrive\Documents\Anaconda\Library\usr\bin;C:\Users\bihan\OneDrive\Documents\Anaconda\Library\bin;C:\Users\bihan\OneDrive\Documents\A;C:\Program Files\MongoDB\Server\8.0\bin;C:\Users\bihan\AppData\Local\Programs\Microsoft VS Code\bin;C:\Users\bihan\AppData\Local\Microsoft\WindowsApps;C:\Program Files\JetBrains\RubyMine 2024.3.4\bin;" "gcc -o conftest.exe -IC:/Ruby32/include/ruby-3.2.0/i386-mingw32 -IC:/Ruby32/include/ruby-3.2.0/ruby/backward -IC:/Ruby32/include/ruby-3.2.0 -I.  -DFD_SETSIZE=2048 -D_WIN32_WINNT=0x0600 -D__MINGW_USE_VC2005_COMPAT -D_FILE_OFFSET_BITS=64  -O3 -fno-fast-math -fstack-protector-strong conftest.c  -L. -LC:/Ruby32/lib -L. -pipe -s -fstack-protector-strong -Wl,--no-as-needed     -lmsvcrt-ruby320  -lshell32 -lws2_32 -liphlpapi -limagehlp -lshlwapi -lbcrypt  "
conftest.c: In function 't':
conftest.c:18:57: error: 'rb_opts_exception_p' undeclared (first use in this function); did you mean 'rb_make_exception'?
   18 | int t(void) { void ((*volatile p)()); p = (void ((*)()))rb_opts_exception_p; return !p; }
      |                                                         ^~~~~~~~~~~~~~~~~~~
      |                                                         rb_make_exception
conftest.c:18:57: note: each undeclared identifier is reported only once for each function it appears in
checked program was:
/* begin */
 1: #include "ruby.h"
 2: 
 3: #include <winsock2.h>
 4: #include <windows.h>
 5: #include <ruby.h>
 6: 
 7: /*top*/
 8: extern int t(void);
 9: int main(int argc, char **argv)
10: {
11:   if (argc > 1000000) {
12:     int (* volatile tp)(void)=(int (*)(void))&t;
13:     printf("%d", (*tp)());
14:   }
15: 
16:   return !!argv[argc];
17: }
18: int t(void) { void ((*volatile p)()); p = (void ((*)()))rb_opts_exception_p; return !p; }
/* end */

PATH=".;C:/Ruby32/lib;C:\Ruby32\bin;C:\Ruby32\msys32\mingw32\bin;C:\Ruby32\msys32\usr\bin;C:\Python310\Scripts\;C:\Python310\;C:\Program Files\Common Files\Oracle\Java\javapath;C:\WINDOWS\system32;C:\WINDOWS;C:\WINDOWS\System32\Wbem;C:\WINDOWS\System32\WindowsPowerShell\v1.0\;C:\WINDOWS\System32\OpenSSH\;C:\Program Files\Java\jdk-17.0.1\bin\;C:\Program Files\dotnet\;C:\ProgramData\chocolatey\bin;D:\Frontend\React\nodejs\;C:\Program Files\MongoDB\Server\6.0\bin;C:\mongosh-1.8.0-win32-x64\mongosh-1.8.0-win32-x64\bin;C:\Program Files\PuTTY\;C:\Program Files\Git\cmd;C:\Program Files\Docker\Docker\resources\bin;C:\Program Files\MySQL\MySQL Server 5.7\bin;C:\Ruby32\bin;C:\Ruby32-x64\bin;C:\Ruby34-x64\bin;C:\Python310\Scripts\;C:\Python310\;C:\Program Files\Common Files\Oracle\Java\javapath;C:\WINDOWS\system32;C:\WINDOWS;C:\WINDOWS\System32\Wbem;C:\WINDOWS\System32\WindowsPowerShell\v1.0\;C:\WINDOWS\System32\OpenSSH\;C:\Program Files\Java\jdk-17.0.1\bin\;C:\Program Files\dotnet\;C:\ProgramData\chocolatey\bin;D:\Frontend\React\nodejs\;C:\Program Files\MongoDB\Server\6.0\bin;C:\mongosh-1.8.0-win32-x64\mongosh-1.8.0-win32-x64\bin;C:\Program Files\Docker\Docker\resources\bin;C:\Program Files\PuTTY\;C:\Program Files\Git\cmd;C:\Users\bihan\OneDrive\Documents\Anaconda;C:\Users\bihan\OneDrive\Documents\Anaconda\Library\mingw-w64\bin;C:\Users\bihan\OneDrive\Documents\Anaconda\Library\usr\bin;C:\Users\bihan\OneDrive\Documents\Anaconda\Library\bin;C:\Users\bihan\OneDrive\Documents\A;C:\Program Files\MongoDB\Server\8.0\bin;C:\Users\bihan\AppData\Local\Programs\Microsoft VS Code\bin;C:\Users\bihan\AppData\Local\Microsoft\WindowsApps;C:\Program Files\JetBrains\RubyMine 2024.3.4\bin;" "gcc -o conftest.exe -IC:/Ruby32/include/ruby-3.2.0/i386-mingw32 -IC:/Ruby32/include/ruby-3.2.0/ruby/backward -IC:/Ruby32/include/ruby-3.2.0 -I.  -DFD_SETSIZE=2048 -D_WIN32_WINNT=0x0600 -D__MINGW_USE_VC2005_COMPAT -D_FILE_OFFSET_BITS=64  -O3 -fno-fast-math -fstack-protector-strong conftest.c  -L. -LC:/Ruby32/lib -L. -pipe -s -fstack-protector-strong -Wl,--no-as-needed     -lmsvcrt-ruby320  -lshell32 -lws2_32 -liphlpapi -limagehlp -lshlwapi -lbcrypt  "
checked program was:
/* begin */
 1: #include "ruby.h"
 2: 
 3: #include <winsock2.h>
 4: #include <windows.h>
 5: #include <ruby.h>
 6: 
 7: /*top*/
 8: extern int t(void);
 9: int main(int argc, char **argv)
10: {
11:   if (argc > 1000000) {
12:     int (* volatile tp)(void)=(int (*)(void))&t;
13:     printf("%d", (*tp)());
14:   }
15: 
16:   return !!argv[argc];
17: }
18: extern void rb_opts_exception_p();
19: int t(void) { rb_opts_exception_p(); return 0; }
/* end */

--------------------

have_func: checking for rb_category_warn() in ruby.h... -------------------- yes

PATH=".;C:/Ruby32/lib;C:\Ruby32\bin;C:\Ruby32\msys32\mingw32\bin;C:\Ruby32\msys32\usr\bin;C:\Python310\Scripts\;C:\Python310\;C:\Program Files\Common Files\Oracle\Java\javapath;C:\WINDOWS\system32;C:\WINDOWS;C:\WINDOWS\System32\Wbem;C:\WINDOWS\System32\WindowsPowerShell\v1.0\;C:\WINDOWS\System32\OpenSSH\;C:\Program Files\Java\jdk-17.0.1\bin\;C:\Program Files\dotnet\;C:\ProgramData\chocolatey\bin;D:\Frontend\React\nodejs\;C:\Program Files\MongoDB\Server\6.0\bin;C:\mongosh-1.8.0-win32-x64\mongosh-1.8.0-win32-x64\bin;C:\Program Files\PuTTY\;C:\Program Files\Git\cmd;C:\Program Files\Docker\Docker\resources\bin;C:\Program Files\MySQL\MySQL Server 5.7\bin;C:\Ruby32\bin;C:\Ruby32-x64\bin;C:\Ruby34-x64\bin;C:\Python310\Scripts\;C:\Python310\;C:\Program Files\Common Files\Oracle\Java\javapath;C:\WINDOWS\system32;C:\WINDOWS;C:\WINDOWS\System32\Wbem;C:\WINDOWS\System32\WindowsPowerShell\v1.0\;C:\WINDOWS\System32\OpenSSH\;C:\Program Files\Java\jdk-17.0.1\bin\;C:\Program Files\dotnet\;C:\ProgramData\chocolatey\bin;D:\Frontend\React\nodejs\;C:\Program Files\MongoDB\Server\6.0\bin;C:\mongosh-1.8.0-win32-x64\mongosh-1.8.0-win32-x64\bin;C:\Program Files\Docker\Docker\resources\bin;C:\Program Files\PuTTY\;C:\Program Files\Git\cmd;C:\Users\bihan\OneDrive\Documents\Anaconda;C:\Users\bihan\OneDrive\Documents\Anaconda\Library\mingw-w64\bin;C:\Users\bihan\OneDrive\Documents\Anaconda\Library\usr\bin;C:\Users\bihan\OneDrive\Documents\Anaconda\Library\bin;C:\Users\bihan\OneDrive\Documents\A;C:\Program Files\MongoDB\Server\8.0\bin;C:\Users\bihan\AppData\Local\Programs\Microsoft VS Code\bin;C:\Users\bihan\AppData\Local\Microsoft\WindowsApps;C:\Program Files\JetBrains\RubyMine 2024.3.4\bin;" "gcc -o conftest.exe -IC:/Ruby32/include/ruby-3.2.0/i386-mingw32 -IC:/Ruby32/include/ruby-3.2.0/ruby/backward -IC:/Ruby32/include/ruby-3.2.0 -I.  -DFD_SETSIZE=2048 -D_WIN32_WINNT=0x0600 -D__MINGW_USE_VC2005_COMPAT -D_FILE_OFFSET_BITS=64  -O3 -fno-fast-math -fstack-protector-strong conftest.c  -L. -LC:/Ruby32/lib -L. -pipe -s -fstack-protector-strong -Wl,--no-as-needed     -lmsvcrt-ruby320  -lshell32 -lws2_32 -liphlpapi -limagehlp -lshlwapi -lbcrypt  "
checked program was:
/* begin */
 1: #include "ruby.h"
 2: 
 3: #include <winsock2.h>
 4: #include <windows.h>
 5: #include <ruby.h>
 6: 
 7: /*top*/
 8: extern int t(void);
 9: int main(int argc, char **argv)
10: {
11:   if (argc > 1000000) {
12:     int (* volatile tp)(void)=(int (*)(void))&t;
13:     printf("%d", (*tp)());
14:   }
15: 
16:   return !!argv[argc];
17: }
18: int t(void) { void ((*volatile p)()); p = (void ((*)()))rb_category_warn; return !p; }
/* end */

--------------------

have_const: checking for RB_WARN_CATEGORY_DEPRECATED in ruby.h... -------------------- yes

PATH=".;C:/Ruby32/lib;C:\Ruby32\bin;C:\Ruby32\msys32\mingw32\bin;C:\Ruby32\msys32\usr\bin;C:\Python310\Scripts\;C:\Python310\;C:\Program Files\Common Files\Oracle\Java\javapath;C:\WINDOWS\system32;C:\WINDOWS;C:\WINDOWS\System32\Wbem;C:\WINDOWS\System32\WindowsPowerShell\v1.0\;C:\WINDOWS\System32\OpenSSH\;C:\Program Files\Java\jdk-17.0.1\bin\;C:\Program Files\dotnet\;C:\ProgramData\chocolatey\bin;D:\Frontend\React\nodejs\;C:\Program Files\MongoDB\Server\6.0\bin;C:\mongosh-1.8.0-win32-x64\mongosh-1.8.0-win32-x64\bin;C:\Program Files\PuTTY\;C:\Program Files\Git\cmd;C:\Program Files\Docker\Docker\resources\bin;C:\Program Files\MySQL\MySQL Server 5.7\bin;C:\Ruby32\bin;C:\Ruby32-x64\bin;C:\Ruby34-x64\bin;C:\Python310\Scripts\;C:\Python310\;C:\Program Files\Common Files\Oracle\Java\javapath;C:\WINDOWS\system32;C:\WINDOWS;C:\WINDOWS\System32\Wbem;C:\WINDOWS\System32\WindowsPowerShell\v1.0\;C:\WINDOWS\System32\OpenSSH\;C:\Program Files\Java\jdk-17.0.1\bin\;C:\Program Files\dotnet\;C:\ProgramData\chocolatey\bin;D:\Frontend\React\nodejs\;C:\Program Files\MongoDB\Server\6.0\bin;C:\mongosh-1.8.0-win32-x64\mongosh-1.8.0-win32-x64\bin;C:\Program Files\Docker\Docker\resources\bin;C:\Program Files\PuTTY\;C:\Program Files\Git\cmd;C:\Users\bihan\OneDrive\Documents\Anaconda;C:\Users\bihan\OneDrive\Documents\Anaconda\Library\mingw-w64\bin;C:\Users\bihan\OneDrive\Documents\Anaconda\Library\usr\bin;C:\Users\bihan\OneDrive\Documents\Anaconda\Library\bin;C:\Users\bihan\OneDrive\Documents\A;C:\Program Files\MongoDB\Server\8.0\bin;C:\Users\bihan\AppData\Local\Programs\Microsoft VS Code\bin;C:\Users\bihan\AppData\Local\Microsoft\WindowsApps;C:\Program Files\JetBrains\RubyMine 2024.3.4\bin;" "gcc -IC:/Ruby32/include/ruby-3.2.0/i386-mingw32 -IC:/Ruby32/include/ruby-3.2.0/ruby/backward -IC:/Ruby32/include/ruby-3.2.0 -I.  -DFD_SETSIZE=2048 -D_WIN32_WINNT=0x0600 -D__MINGW_USE_VC2005_COMPAT -D_FILE_OFFSET_BITS=64  -O3 -fno-fast-math -fstack-protector-strong   -c conftest.c"
checked program was:
/* begin */
1: #include "ruby.h"
2: 
3: #include <winsock2.h>
4: #include <windows.h>
5: #include <ruby.h>
6: 
7: /*top*/
8: typedef int conftest_type;
9: conftest_type conftestval = (int)RB_WARN_CATEGORY_DEPRECATED;
/* end */

--------------------

